<?xml version="1.0" encoding="UTF-8" ?>
<testsuites>
  <testsuite errors="0" failures="0" hostname="DESKTOP-V7SL7KM" id="0" name="AllTests" package="net.sf.freecol" skipped="0" tests="430" time="17.736" timestamp="2017-05-17T03:39:40">
      <properties>
[...]
</properties>

      <testcase classname="net.sf.freecol.common.i18n.CLDRTest" name="testRuleParsing" time="0.045" />

      <testcase classname="net.sf.freecol.common.i18n.CLDRTest" name="testPlurals" time="0.002" />

      <testcase classname="net.sf.freecol.common.i18n.MessagesTest" name="testReplaceArbitraryTag" time="0.024" />

      <testcase classname="net.sf.freecol.common.i18n.MessagesTest" name="testReplaceNumber" time="0.014" />

      <testcase classname="net.sf.freecol.common.i18n.MessagesTest" name="testReplaceChoicesGrammar" time="0.013" />

      <testcase classname="net.sf.freecol.common.i18n.MessagesTest" name="testMessageWithSpecialChars" time="0.016" />

      <testcase classname="net.sf.freecol.common.i18n.MessagesTest" name="testReplaceGarbage" time="0.014" />

      <testcase classname="net.sf.freecol.common.i18n.MessagesTest" name="testAbstractUnitDescription" time="0.017" />

      <testcase classname="net.sf.freecol.common.i18n.MessagesTest" name="testChangeLocaleSettings" time="0.041" />

      <testcase classname="net.sf.freecol.common.i18n.MessagesTest" name="testMessageString" time="0.006" />

      <testcase classname="net.sf.freecol.common.i18n.MessagesTest" name="testNestedChoices" time="0.005" />

      <testcase classname="net.sf.freecol.common.i18n.MessagesTest" name="testStringTemplates" time="0.2" />

      <testcase classname="net.sf.freecol.common.i18n.MessagesTest" name="testReplaceChoicesPlural" time="0.006" />

      <testcase classname="net.sf.freecol.common.i18n.MessagesTest" name="testUnitDescription" time="0.017" />

      <testcase classname="net.sf.freecol.common.i18n.MessagesTest" name="testREFMessages" time="0.006" />

      <testcase classname="net.sf.freecol.common.io.ModTest" name="testGetRuleSets" time="0.003" />

      <testcase classname="net.sf.freecol.common.io.ModTest" name="testGetAllMods" time="0.016" />

      <testcase classname="net.sf.freecol.common.option.OptionTest" name="testGameOptions" time="0.001" />

      <testcase classname="net.sf.freecol.common.option.OptionTest" name="testUnitListOption" time="0.0" />

      <testcase classname="net.sf.freecol.common.option.OptionTest" name="testInheritsEditable" time="0.001" />

      <testcase classname="net.sf.freecol.common.option.OptionTest" name="testCloneIntegerOption" time="0.0" />

      <testcase classname="net.sf.freecol.common.model.SpecificationTest" name="testExtendsDelete" time="0.062" />

      <testcase classname="net.sf.freecol.common.model.SpecificationTest" name="testLoadMods" time="0.024" />

      <testcase classname="net.sf.freecol.common.model.SpecificationTest" name="testExtends" time="0.042" />

      <testcase classname="net.sf.freecol.common.model.SpecificationTest" name="testModifiers" time="0.0" />

      <testcase classname="net.sf.freecol.common.model.SpecificationTest" name="testLoad" time="0.017" />

      <testcase classname="net.sf.freecol.common.model.SpecificationTest" name="testNationTypes" time="0.001" />

      <testcase classname="net.sf.freecol.common.model.SpecificationTest" name="testGetDefaultUnitType" time="0.001" />

      <testcase classname="net.sf.freecol.common.model.SpecificationTest" name="testGoodsTypes" time="0.0" />

      <testcase classname="net.sf.freecol.common.model.SpecificationTest" name="testFoundingFathers" time="0.0" />

      <testcase classname="net.sf.freecol.common.model.SpecificationTest" name="testRequiredAbilitiesForRoles" time="0.0" />

      <testcase classname="net.sf.freecol.common.model.SpecificationTest" name="testNations" time="0.0" />

      <testcase classname="net.sf.freecol.common.model.SpecificationTest" name="testUnitAbilities" time="0.0" />

      <testcase classname="net.sf.freecol.common.model.BaseCostDeciderTest" name="testNavalUnitMoveToTileWithSettlement" time="0.042" />

      <testcase classname="net.sf.freecol.common.model.BaseCostDeciderTest" name="testInvalidMoveThroughTileWithSettlement" time="0.003" />

      <testcase classname="net.sf.freecol.common.model.BaseCostDeciderTest" name="testGetRemainingMovesAndNewTurn" time="0.004" />

      <testcase classname="net.sf.freecol.common.model.BaseCostDeciderTest" name="testGetCostLandLand" time="0.002" />

      <testcase classname="net.sf.freecol.common.model.BaseCostDeciderTest" name="testInvalidMoveOfLandUnitToAnOceanTile" time="0.002" />

      <testcase classname="net.sf.freecol.common.model.BaseCostDeciderTest" name="testInvalidMoveOfNavalUnitToALandTile" time="0.004" />

      <testcase classname="net.sf.freecol.common.model.BuildingTest" name="testStockade" time="0.015" />

      <testcase classname="net.sf.freecol.common.model.BuildingTest" name="testCottonClothProduction" time="0.008" />

      <testcase classname="net.sf.freecol.common.model.BuildingTest" name="testPasture" time="0.01" />

      <testcase classname="net.sf.freecol.common.model.BuildingTest" name="testCanBuildNext" time="0.007" />

      <testcase classname="net.sf.freecol.common.model.BuildingTest" name="testFortRequiresMinimumPopulation" time="0.006" />

      <testcase classname="net.sf.freecol.common.model.BuildingTest" name="testUnitProduction" time="0.016" />

      <testcase classname="net.sf.freecol.common.model.BuildingTest" name="testPrintingPressBonus" time="0.018" />

      <testcase classname="net.sf.freecol.common.model.BuildingTest" name="testCanAddToBuilding" time="0.017" />

      <testcase classname="net.sf.freecol.common.model.BuildingTest" name="testToolsMusketProduction" time="0.011" />

      <testcase classname="net.sf.freecol.common.model.BuildingTest" name="testFortressRequiresMinimumPopulation" time="0.009" />

      <testcase classname="net.sf.freecol.common.model.BuildingTest" name="testSerialize" time="0.014" />

      <testcase classname="net.sf.freecol.common.model.BuildingTest" name="testTownhallProduction" time="0.009" />

      <testcase classname="net.sf.freecol.common.model.BuildingTest" name="testChurch" time="0.013" />

      <testcase classname="net.sf.freecol.common.model.BuildingTest" name="testInitialColony" time="0.004" />

      <testcase classname="net.sf.freecol.common.model.BuildingTest" name="testStockadeRequiresMinimumPopulation" time="0.004" />

      <testcase classname="net.sf.freecol.common.model.BuildingTest" name="testNewspaperBonus" time="0.006" />

      <testcase classname="net.sf.freecol.common.model.BuildingTest" name="testCanAddToSchool" time="0.007" />

      <testcase classname="net.sf.freecol.common.model.ColonyTest" name="testCopyColony" time="0.026" />

      <testcase classname="net.sf.freecol.common.model.ColonyTest" name="testFoundColony" time="0.019" />

      <testcase classname="net.sf.freecol.common.model.ColonyTest" name="testTeaParty" time="0.004" />

      <testcase classname="net.sf.freecol.common.model.ColonyTest" name="testAddUnitToColony" time="0.012" />

      <testcase classname="net.sf.freecol.common.model.ColonyTest" name="testCurrentlyBuilding" time="0.002" />

      <testcase classname="net.sf.freecol.common.model.ColonyTest" name="testBuildQueueDoesNotAcceptBuildingDoubles" time="0.003" />

      <testcase classname="net.sf.freecol.common.model.ColonyTest" name="testBuildQueueAcceptsUnitDoubles" time="0.005" />

      <testcase classname="net.sf.freecol.common.model.ColonyTest" name="testUpkeep" time="0.005" />

      <testcase classname="net.sf.freecol.common.model.ColonyTest" name="testUnderSiege" time="0.009" />

      <testcase classname="net.sf.freecol.common.model.ColonyTest" name="testOccupationWithFood" time="0.004" />

      <testcase classname="net.sf.freecol.common.model.ColonyProductionTest" name="testNoHorsesOverProduction" time="0.004" />

      <testcase classname="net.sf.freecol.common.model.ColonyProductionTest" name="testBellNetProduction" time="0.004" />

      <testcase classname="net.sf.freecol.common.model.ColonyProductionTest" name="testProductionMap" time="0.0" />

      <testcase classname="net.sf.freecol.common.model.ColonyProductionTest" name="testProductionSoldier" time="0.003" />

      <testcase classname="net.sf.freecol.common.model.ColonyProductionTest" name="testConsumers" time="0.003" />

      <testcase classname="net.sf.freecol.common.model.ColonyProductionTest" name="testProductionPioneer" time="0.002" />

      <testcase classname="net.sf.freecol.common.model.ColonyProductionTest" name="testProduction" time="0.005" />

      <testcase classname="net.sf.freecol.common.model.ColonyProductionTest" name="testGetPotentialProduction" time="0.003" />

      <testcase classname="net.sf.freecol.common.model.CombatTest" name="testCaptureConvert" time="0.452" />

      <testcase classname="net.sf.freecol.common.model.CombatTest" name="testGalleonAttackedByPrivateer" time="0.003" />

      <testcase classname="net.sf.freecol.common.model.CombatTest" name="testDefendColonyWithUnarmedColonist" time="0.006" />

      <testcase classname="net.sf.freecol.common.model.CombatTest" name="testRegulars" time="0.132" />

      <testcase classname="net.sf.freecol.common.model.CombatTest" name="testSpanishAgainstNatives" time="0.001" />

      <testcase classname="net.sf.freecol.common.model.CombatTest" name="testColonistAttackedByVeteran" time="0.001" />

      <testcase classname="net.sf.freecol.common.model.CombatTest" name="testAttackIgnoresMovementPoints" time="0.002" />

      <testcase classname="net.sf.freecol.common.model.CombatTest" name="testAttackShipWithLandUnit" time="0.002" />

      <testcase classname="net.sf.freecol.common.model.CombatTest" name="testDefendColonyWithRevere" time="0.004" />

      <testcase classname="net.sf.freecol.common.model.CombatTest" name="testDefendSettlement" time="0.002" />

      <testcase classname="net.sf.freecol.common.model.DisasterTest" name="testDisastersPresent" time="0.0" />

      <testcase classname="net.sf.freecol.common.model.EuropeTest" name="testMissionary" time="0.002" />

      <testcase classname="net.sf.freecol.common.model.FoundingFatherTest" name="testAddAllFathers" time="0.003" />

      <testcase classname="net.sf.freecol.common.model.FoundingFatherTest" name="testAvailableTo" time="0.002" />

      <testcase classname="net.sf.freecol.common.model.FoundingFatherTest" name="testFeatures" time="0.002" />

      <testcase classname="net.sf.freecol.common.model.FoundingFatherTest" name="testBellsRequired" time="0.005" />

      <testcase classname="net.sf.freecol.common.model.GameTest" name="testGame" time="0.001" />

      <testcase classname="net.sf.freecol.common.model.GameTest" name="testTurn" time="0.0" />

      <testcase classname="net.sf.freecol.common.model.GameTest" name="testAddPlayer" time="0.0" />

      <testcase classname="net.sf.freecol.common.model.GoodsTest" name="testGetTakeSpace" time="0.002" />

      <testcase classname="net.sf.freecol.common.model.GoodsTest" name="testGetInputType" time="0.0" />

      <testcase classname="net.sf.freecol.common.model.GoodsTest" name="testSetGetAmount" time="0.001" />

      <testcase classname="net.sf.freecol.common.model.GoodsTest" name="testGoodsGameLocationIntInt" time="0.001" />

      <testcase classname="net.sf.freecol.common.model.GoodsTest" name="testToString" time="0.007" />

      <testcase classname="net.sf.freecol.common.model.GoodsTest" name="testBuildingMaterials" time="0.0" />

      <testcase classname="net.sf.freecol.common.model.GoodsTest" name="testIsFarmedGoods" time="0.0" />

      <testcase classname="net.sf.freecol.common.model.GoodsTest" name="testGetName" time="0.001" />

      <testcase classname="net.sf.freecol.common.model.GoodsTest" name="testSerialize" time="0.035" />

      <testcase classname="net.sf.freecol.common.model.GoodsTest" name="testGetOutputType" time="0.0" />

      <testcase classname="net.sf.freecol.common.model.GoodsTest" name="testMilitaryGoods" time="0.0" />

      <testcase classname="net.sf.freecol.common.model.GoodsTest" name="testTradeGoods" time="0.0" />

      <testcase classname="net.sf.freecol.common.model.GoodsTest" name="testProductionChain" time="0.0" />

      <testcase classname="net.sf.freecol.common.model.GoodsTest" name="testAdjustAmount" time="0.001" />

      <testcase classname="net.sf.freecol.common.model.GoodsTest" name="testSetOwner" time="0.001" />

      <testcase classname="net.sf.freecol.common.model.GoodsContainerTest" name="testContainer" time="0.003" />

      <testcase classname="net.sf.freecol.common.model.IndianSettlementTest" name="testAutomaticEquipBraves" time="0.001" />

      <testcase classname="net.sf.freecol.common.model.IndianSettlementTest" name="testSettlementDoesNotOwnWaterTiles" time="0.001" />

      <testcase classname="net.sf.freecol.common.model.IndianSettlementTest" name="testTradeGoodsWithSetlement" time="0.001" />

      <testcase classname="net.sf.freecol.common.model.IndividualFatherTest" name="testPaine" time="0.011" />

      <testcase classname="net.sf.freecol.common.model.IndividualFatherTest" name="testBolivar" time="0.006" />

      <testcase classname="net.sf.freecol.common.model.IndividualFatherTest" name="testBrebeuf" time="0.001" />

      <testcase classname="net.sf.freecol.common.model.IndividualFatherTest" name="testStuyvesant" time="0.003" />

      <testcase classname="net.sf.freecol.common.model.IndividualFatherTest" name="testBrewster" time="0.001" />

      <testcase classname="net.sf.freecol.common.model.IndividualFatherTest" name="testCortes" time="0.005" />

      <testcase classname="net.sf.freecol.common.model.IndividualFatherTest" name="testDeWitt" time="0.001" />

      <testcase classname="net.sf.freecol.common.model.IndividualFatherTest" name="testJefferson" time="0.005" />

      <testcase classname="net.sf.freecol.common.model.IndividualFatherTest" name="testMinuit" time="0.002" />

      <testcase classname="net.sf.freecol.common.model.IndividualFatherTest" name="testRevere" time="0.002" />

      <testcase classname="net.sf.freecol.common.model.IndividualFatherTest" name="testDeLasCasas" time="0.003" />

      <testcase classname="net.sf.freecol.common.model.LimitTest" name="testSuccessionLimits" time="0.009" />

      <testcase classname="net.sf.freecol.common.model.LimitTest" name="testWagonTrainLimit" time="0.006" />

      <testcase classname="net.sf.freecol.common.model.LimitTest" name="testOperand" time="0.0" />

      <testcase classname="net.sf.freecol.common.model.LimitTest" name="testIndependenceLimits" time="0.002" />

      <testcase classname="net.sf.freecol.common.model.MapTest" name="testSearchForColony" time="0.029" />

      <testcase classname="net.sf.freecol.common.model.MapTest" name="testCopy" time="0.011" />

      <testcase classname="net.sf.freecol.common.model.MapTest" name="testNoPathAvailableDueToUnitInTheWay" time="0.007" />

      <testcase classname="net.sf.freecol.common.model.MapTest" name="testGetAllTiles" time="0.0" />

      <testcase classname="net.sf.freecol.common.model.MapTest" name="testGetSurroundingTiles" time="0.004" />

      <testcase classname="net.sf.freecol.common.model.MapTest" name="testMapGameInt" time="0.002" />

      <testcase classname="net.sf.freecol.common.model.MapTest" name="testLatitude" time="0.0" />

      <testcase classname="net.sf.freecol.common.model.MapTest" name="testRandomDirection" time="0.001" />

      <testcase classname="net.sf.freecol.common.model.MapTest" name="testShortestPathObstructed" time="0.005" />

      <testcase classname="net.sf.freecol.common.model.MapTest" name="testFindPath" time="0.054" />

      <testcase classname="net.sf.freecol.common.model.MapTest" name="testMoveThroughTileWithEnemyUnit" time="0.001" />

      <testcase classname="net.sf.freecol.common.model.MapTest" name="testNoPathAvailableDueToColonyInTheWay" time="0.004" />

      <testcase classname="net.sf.freecol.common.model.MapTest" name="testNoPathAvailableDueToCampInTheWay" time="0.002" />

      <testcase classname="net.sf.freecol.common.model.MapTest" name="testGetReverseDirection" time="0.0" />

      <testcase classname="net.sf.freecol.common.model.MarketTest" name="testSerialization" time="0.0" />

      <testcase classname="net.sf.freecol.common.model.MarketTest" name="testTransactionListeners" time="0.0" />

      <testcase classname="net.sf.freecol.common.model.MarketTest" name="testInitialMarket" time="0.0" />

      <testcase classname="net.sf.freecol.common.model.ModelMessageTest" name="testDefaultId" time="0.001" />

      <testcase classname="net.sf.freecol.common.model.ModelMessageTest" name="testHashCode" time="0.002" />

      <testcase classname="net.sf.freecol.common.model.ModelMessageTest" name="testModelMapSet2" time="0.006" />

      <testcase classname="net.sf.freecol.common.model.ModifierTest" name="testScope" time="0.0" />

      <testcase classname="net.sf.freecol.common.model.ModifierTest" name="testCombinedModifier" time="0.0" />

      <testcase classname="net.sf.freecol.common.model.ModifierTest" name="testPercentageModifier" time="0.001" />

      <testcase classname="net.sf.freecol.common.model.ModifierTest" name="testHashEquals" time="0.001" />

      <testcase classname="net.sf.freecol.common.model.ModifierTest" name="testAdditiveModifier" time="0.001" />

      <testcase classname="net.sf.freecol.common.model.ModifierTest" name="testTimeLimits" time="0.001" />

      <testcase classname="net.sf.freecol.common.model.ModifierTest" name="testCombinePercentageModifiers" time="0.001" />

      <testcase classname="net.sf.freecol.common.model.ModifierTest" name="testModifierUnknown" time="0.0" />

      <testcase classname="net.sf.freecol.common.model.ModifierTest" name="testCombineMultiplicativeModifiers" time="0.0" />

      <testcase classname="net.sf.freecol.common.model.ModifierTest" name="testMultiplicativeModifier" time="0.0" />

      <testcase classname="net.sf.freecol.common.model.ModifierTest" name="testIncrements" time="0.0" />

      <testcase classname="net.sf.freecol.common.model.ModifierTest" name="testCombineAdditiveModifiers" time="0.0" />

      <testcase classname="net.sf.freecol.common.model.MonarchTest" name="testTaxActionChoices" time="0.005" />

      <testcase classname="net.sf.freecol.common.model.MonarchTest" name="testSerialize" time="0.002" />

      <testcase classname="net.sf.freecol.common.model.MovementTest" name="testMoveAlongRoad" time="0.002" />

      <testcase classname="net.sf.freecol.common.model.MovementTest" name="testMoveAlongRiver" time="0.003" />

      <testcase classname="net.sf.freecol.common.model.MovementTest" name="testMoveFromPlainsToHills" time="0.001" />

      <testcase classname="net.sf.freecol.common.model.MovementTest" name="testMoveFromPlainsToPlains" time="0.001" />

      <testcase classname="net.sf.freecol.common.model.MovementTest" name="testScoutIndianSettlement" time="0.001" />

      <testcase classname="net.sf.freecol.common.model.MovementTest" name="testScoutColony" time="0.003" />

      <testcase classname="net.sf.freecol.common.model.NationTypeTest" name="testSettlementType" time="0.0" />

      <testcase classname="net.sf.freecol.common.model.NationTypeTest" name="testIsREF" time="0.0" />

      <testcase classname="net.sf.freecol.common.model.NationTypeTest" name="testisRef" time="0.0" />

      <testcase classname="net.sf.freecol.common.model.NationTypeTest" name="testAdvantagesThatOnlyApplyToPersons" time="0.005" />

      <testcase classname="net.sf.freecol.common.model.NationTypeTest" name="testHasType" time="0.0" />

      <testcase classname="net.sf.freecol.common.model.NationTypeTest" name="testStartingUnits" time="0.008" />

      <testcase classname="net.sf.freecol.common.model.PlayerTest" name="testAddAnotherPlayersUnit" time="0.002" />

      <testcase classname="net.sf.freecol.common.model.PlayerTest" name="testFreecolPlayers" time="0.003" />

      <testcase classname="net.sf.freecol.common.model.PlayerTest" name="testTension" time="0.001" />

      <testcase classname="net.sf.freecol.common.model.PlayerTest" name="testUnits" time="0.001" />

      <testcase classname="net.sf.freecol.common.model.PlayerTest" name="testClassicPlayers" time="0.001" />

      <testcase classname="net.sf.freecol.common.model.ProductionTypeTest" name="testOtherBuildings" time="0.0" />

      <testcase classname="net.sf.freecol.common.model.ProductionTypeTest" name="testRainForest" time="0.001" />

      <testcase classname="net.sf.freecol.common.model.ProductionTypeTest" name="testHorseProduction" time="0.0" />

      <testcase classname="net.sf.freecol.common.model.ProductionTypeTest" name="testSavannah" time="0.0" />

      <testcase classname="net.sf.freecol.common.model.ProductionTypeTest" name="testHills" time="0.0" />

      <testcase classname="net.sf.freecol.common.model.ProductionTypeTest" name="testMarsh" time="0.0" />

      <testcase classname="net.sf.freecol.common.model.ProductionTypeTest" name="testOcean" time="0.001" />

      <testcase classname="net.sf.freecol.common.model.ProductionTypeTest" name="testSwamp" time="0.0" />

      <testcase classname="net.sf.freecol.common.model.ProductionTypeTest" name="testCoatProduction" time="0.001" />

      <testcase classname="net.sf.freecol.common.model.ProductionTypeTest" name="testLake" time="0.0" />

      <testcase classname="net.sf.freecol.common.model.ProductionTypeTest" name="testHighSeas" time="0.0" />

      <testcase classname="net.sf.freecol.common.model.ProductionTypeTest" name="testPrairie" time="0.0" />

      <testcase classname="net.sf.freecol.common.model.ProductionTypeTest" name="testWetlandForest" time="0.0" />

      <testcase classname="net.sf.freecol.common.model.ProductionTypeTest" name="testGrassland" time="0.001" />

      <testcase classname="net.sf.freecol.common.model.ProductionTypeTest" name="testBroadleafForest" time="0.0" />

      <testcase classname="net.sf.freecol.common.model.ProductionTypeTest" name="testCrossProduction" time="0.0" />

      <testcase classname="net.sf.freecol.common.model.ProductionTypeTest" name="testGreatRiver" time="0.0" />

      <testcase classname="net.sf.freecol.common.model.ProductionTypeTest" name="testToolsProduction" time="0.001" />

      <testcase classname="net.sf.freecol.common.model.ProductionTypeTest" name="testMixedForest" time="0.0" />

      <testcase classname="net.sf.freecol.common.model.ProductionTypeTest" name="testBorealForest" time="0.0" />

      <testcase classname="net.sf.freecol.common.model.ProductionTypeTest" name="testBellProduction" time="0.001" />

      <testcase classname="net.sf.freecol.common.model.ProductionTypeTest" name="testClothProduction" time="0.0" />

      <testcase classname="net.sf.freecol.common.model.ProductionTypeTest" name="testMountains" time="0.0" />

      <testcase classname="net.sf.freecol.common.model.ProductionTypeTest" name="testArctic" time="0.0" />

      <testcase classname="net.sf.freecol.common.model.ProductionTypeTest" name="testConiferForest" time="0.0" />

      <testcase classname="net.sf.freecol.common.model.ProductionTypeTest" name="testDesert" time="0.0" />

      <testcase classname="net.sf.freecol.common.model.ProductionTypeTest" name="testHammerProduction" time="0.0" />

      <testcase classname="net.sf.freecol.common.model.ProductionTypeTest" name="testPlains" time="0.0" />

      <testcase classname="net.sf.freecol.common.model.ProductionTypeTest" name="testMusketProduction" time="0.001" />

      <testcase classname="net.sf.freecol.common.model.ProductionTypeTest" name="testCigarProduction" time="0.0" />

      <testcase classname="net.sf.freecol.common.model.ProductionTypeTest" name="testTundra" time="0.0" />

      <testcase classname="net.sf.freecol.common.model.ProductionTypeTest" name="testRumProduction" time="0.0" />

      <testcase classname="net.sf.freecol.common.model.ProductionTypeTest" name="testTropicalForest" time="0.0" />

      <testcase classname="net.sf.freecol.common.model.ProductionTypeTest" name="testScrubForest" time="0.0" />

      <testcase classname="net.sf.freecol.common.model.RandomRangeTest" name="testRandomRange" time="0.0" />

      <testcase classname="net.sf.freecol.common.model.RoleTest" name="testRoleComparator" time="0.0" />

      <testcase classname="net.sf.freecol.common.model.RoleTest" name="testMilitaryRoles" time="0.001" />

      <testcase classname="net.sf.freecol.common.model.RoleTest" name="testGoodsDifference" time="0.0" />

      <testcase classname="net.sf.freecol.common.model.RoleTest" name="testCompatibleRoles" time="0.0" />

      <testcase classname="net.sf.freecol.common.model.RoleTest" name="testGetRoleWithAbility" time="0.0" />

      <testcase classname="net.sf.freecol.common.model.SchoolTest" name="testEducationOption" time="0.01" />

      <testcase classname="net.sf.freecol.common.model.SchoolTest" name="testChangeTeachers" time="0.004" />

      <testcase classname="net.sf.freecol.common.model.SchoolTest" name="testUpgrades" time="0.001" />

      <testcase classname="net.sf.freecol.common.model.ScopeTest" name="testEmptyScope" time="0.0" />

      <testcase classname="net.sf.freecol.common.model.ScopeTest" name="testMethodScope" time="0.0" />

      <testcase classname="net.sf.freecol.common.model.ScopeTest" name="testCombinedScope" time="0.0" />

      <testcase classname="net.sf.freecol.common.model.ScopeTest" name="testTypeScope" time="0.0" />

      <testcase classname="net.sf.freecol.common.model.ScopeTest" name="testAbilityScope" time="0.0" />

      <testcase classname="net.sf.freecol.common.model.ScopeTest" name="testEquality" time="0.0" />

      <testcase classname="net.sf.freecol.common.model.ScopeTest" name="testMatchesNull" time="0.0" />

      <testcase classname="net.sf.freecol.common.model.ScopeTest" name="testGameObjects" time="0.007" />

      <testcase classname="net.sf.freecol.common.model.SerializationTest" name="testMapAmerica" time="0.528" />

      <testcase classname="net.sf.freecol.common.model.SerializationTest" name="testSpecification" time="0.191" />

      <testcase classname="net.sf.freecol.common.model.SerializationTest" name="testValidation" time="0.283" />

      <testcase classname="net.sf.freecol.common.model.SerializationTest" name="testStringTemplate" time="0.007" />

      <testcase classname="net.sf.freecol.common.model.SerializationTest" name="testMapAfrica" time="0.308" />

      <testcase classname="net.sf.freecol.common.model.SerializationTest" name="testMapCaribbean" time="0.085" />

      <testcase classname="net.sf.freecol.common.model.SerializationTest" name="testDifficulty" time="0.048" />

      <testcase classname="net.sf.freecol.common.model.SerializationTest" name="testGeneratedLists" time="0.033" />

      <testcase classname="net.sf.freecol.common.model.SerializationTest" name="testMapAustralia" time="0.069" />

      <testcase classname="net.sf.freecol.common.model.SettlementTest" name="testColonyClaimsWater" time="0.002" />

      <testcase classname="net.sf.freecol.common.model.SettlementTest" name="testLineOfSight" time="0.001" />

      <testcase classname="net.sf.freecol.common.model.SettlementTest" name="testSettlementRadius" time="0.005" />

      <testcase classname="net.sf.freecol.common.model.SettlementTest" name="testCanImproveUnitMilitaryRole" time="0.007" />

      <testcase classname="net.sf.freecol.common.model.SettlementTest" name="testSettlementDoesNotClaimWater" time="0.001" />

      <testcase classname="net.sf.freecol.common.model.SettlementTest" name="testColonyRadius" time="0.001" />

      <testcase classname="net.sf.freecol.common.model.SoLTest" name="testSoL" time="0.008" />

      <testcase classname="net.sf.freecol.common.model.TileImprovementTest" name="testRiverWithExtras" time="0.001" />

      <testcase classname="net.sf.freecol.common.model.TileImprovementTest" name="testRiverNoExtras" time="0.0" />

      <testcase classname="net.sf.freecol.common.model.TileImprovementTest" name="testAllFrills" time="0.0" />

      <testcase classname="net.sf.freecol.common.model.TileImprovementTest" name="testOldStyle" time="0.001" />

      <testcase classname="net.sf.freecol.common.model.TileImprovementTest" name="testEquality" time="0.0" />

      <testcase classname="net.sf.freecol.common.model.TileItemContainerTest" name="testCopyFromWithEveryThing" time="0.002" />

      <testcase classname="net.sf.freecol.common.model.TileTest" name="testTileTypeChangeProduction" time="0.0" />

      <testcase classname="net.sf.freecol.common.model.TileTest" name="testDefenceModifiers" time="0.0" />

      <testcase classname="net.sf.freecol.common.model.TileTest" name="testPrimarySecondaryGoods" time="0.003" />

      <testcase classname="net.sf.freecol.common.model.TileTest" name="testPotential" time="0.0" />

      <testcase classname="net.sf.freecol.common.model.TileTest" name="testCopy" time="0.002" />

      <testcase classname="net.sf.freecol.common.model.TileTest" name="testImprovements" time="0.003" />

      <testcase classname="net.sf.freecol.common.model.TileTest" name="testMinerals" time="0.002" />

      <testcase classname="net.sf.freecol.common.model.TileTest" name="testMaximumPotential" time="0.002" />

      <testcase classname="net.sf.freecol.common.model.TileTest" name="testIsTileTypeAllowed" time="0.0" />

      <testcase classname="net.sf.freecol.common.model.TileTest" name="testGetWorkAmount" time="0.001" />

      <testcase classname="net.sf.freecol.common.model.TileTest" name="testGetBestDisembarkTile" time="0.002" />

      <testcase classname="net.sf.freecol.common.model.TileTest" name="testColonyImprovements" time="0.002" />

      <testcase classname="net.sf.freecol.common.model.TileTest" name="testConiferForest" time="0.004" />

      <testcase classname="net.sf.freecol.common.model.TileTest" name="testProductionModifiers" time="0.003" />

      <testcase classname="net.sf.freecol.common.model.TileTest" name="testZIndex" time="0.0" />

      <testcase classname="net.sf.freecol.common.model.TradeRouteTest" name="testTradeRoute" time="0.012" />

      <testcase classname="net.sf.freecol.common.model.UnitTest" name="testIsColonist" time="0.001" />

      <testcase classname="net.sf.freecol.common.model.UnitTest" name="testElement" time="0.004" />

      <testcase classname="net.sf.freecol.common.model.UnitTest" name="testUnitLosesExperienceWithRoleChange" time="0.0" />

      <testcase classname="net.sf.freecol.common.model.UnitTest" name="testUnitAvailability" time="0.001" />

      <testcase classname="net.sf.freecol.common.model.UnitTest" name="testOwnerChange" time="0.001" />

      <testcase classname="net.sf.freecol.common.model.UnitTest" name="testIndianDies" time="0.001" />

      <testcase classname="net.sf.freecol.common.model.UnitTest" name="testGetMovesAsString" time="0.001" />

      <testcase classname="net.sf.freecol.common.model.UnitTest" name="testCopy" time="0.002" />

      <testcase classname="net.sf.freecol.common.model.UnitTest" name="testDefaultRole" time="0.0" />

      <testcase classname="net.sf.freecol.common.model.UnitTest" name="testMissionary" time="0.003" />

      <testcase classname="net.sf.freecol.common.model.UnitTest" name="testUnitCanBuildColony" time="0.001" />

      <testcase classname="net.sf.freecol.common.model.UnitTest" name="testCarrierOwnerChange" time="0.002" />

      <testcase classname="net.sf.freecol.common.model.UnitTest" name="testTreasureTransportFee" time="0.001" />

      <testcase classname="net.sf.freecol.common.model.UnitTest" name="testFailedAddGoods" time="0.001" />

      <testcase classname="net.sf.freecol.common.model.UnitTest" name="testGetLineOfSight" time="0.001" />

      <testcase classname="net.sf.freecol.common.model.UnitTest" name="testCanAdd" time="0.001" />

      <testcase classname="net.sf.freecol.common.model.UnitTest" name="testUnitLocationAfterBuildingColony" time="0.002" />

      <testcase classname="net.sf.freecol.common.model.UnitTypeChangeTest" name="testEmptyScope" time="0.002" />

      <testcase classname="net.sf.freecol.common.model.UnitTypeChangeTest" name="testCreation" time="0.001" />

      <testcase classname="net.sf.freecol.common.model.UnitTypeChangeTest" name="testAbilityScope" time="0.0" />

      <testcase classname="net.sf.freecol.common.model.UnitTypeChangeTest" name="testEquality" time="0.0" />

      <testcase classname="net.sf.freecol.common.utils.UtilsTest" name="testComparator" time="0.0" />

      <testcase classname="net.sf.freecol.common.utils.UtilsTest" name="testGetPermutations" time="0.001" />

      <testcase classname="net.sf.freecol.common.sound.SoundTest" name="testSound" time="0.508" />

      <testcase classname="net.sf.freecol.common.sound.SoundTest" name="testClassic" time="3.425" />

      <testcase classname="net.sf.freecol.server.SaveLoadTest" name="testDelayedLoading" time="0.555" />

      <testcase classname="net.sf.freecol.server.SaveLoadTest" name="testImmediateLoading" time="0.404" />

      <testcase classname="net.sf.freecol.server.SaveLoadTest" name="testImport" time="0.328" />

      <testcase classname="net.sf.freecol.server.ai.AIColonyTest" name="testBuildersAllocation" time="0.133" />

      <testcase classname="net.sf.freecol.server.ai.AIColonyTest" name="testBestDefender" time="0.038" />

      <testcase classname="net.sf.freecol.server.ai.AIColonyTest" name="testBuildersAllocNoRawMatTiles" time="0.114" />

      <testcase classname="net.sf.freecol.server.ai.AIColonyTest" name="testExpertAllocColonyHasEnoughRawMat" time="0.05" />

      <testcase classname="net.sf.freecol.server.ai.ContactTest" name="testNativeMeetsEuropean" time="0.049" />

      <testcase classname="net.sf.freecol.server.ai.ContactTest" name="testNativeMeetsColony" time="0.059" />

      <testcase classname="net.sf.freecol.server.ai.ContactTest" name="testShipMeetsShip" time="0.044" />

      <testcase classname="net.sf.freecol.server.ai.ContactTest" name="testNativeMeetsNative" time="0.037" />

      <testcase classname="net.sf.freecol.server.ai.ContactTest" name="testNativeMeetsIndianSettlement" time="0.032" />

      <testcase classname="net.sf.freecol.server.ai.ContactTest" name="testEuropeanMeetsIndianSettlement" time="0.039" />

      <testcase classname="net.sf.freecol.server.ai.ContactTest" name="testEuropeanMeetsNative" time="0.037" />

      <testcase classname="net.sf.freecol.server.ai.ColonyPlanTest" name="testGetBestWorker" time="0.053" />

      <testcase classname="net.sf.freecol.server.ai.ColonyPlanTest" name="testBestImprovements" time="0.003" />

      <testcase classname="net.sf.freecol.server.ai.ColonyPlanTest" name="testNoBuildRawMatTiles" time="0.04" />

      <testcase classname="net.sf.freecol.server.ai.ColonyPlanTest" name="testReqLumberAndHammersForBuild" time="0.035" />

      <testcase classname="net.sf.freecol.server.ai.ColonyPlanTest" name="testReqOreAndToolsWithEnoughHammersForBuild" time="0.048" />

      <testcase classname="net.sf.freecol.server.ai.MissionAssignmentTest" name="testIsTargetValidForSeekAndDestroy" time="0.038" />

      <testcase classname="net.sf.freecol.server.ai.MissionAssignmentTest" name="testImpossibleConditionsForTargetSelection" time="0.03" />

      <testcase classname="net.sf.freecol.server.ai.MissionAssignmentTest" name="testSecureIndianSettlementMissionIgnoreNavalThreat" time="0.057" />

      <testcase classname="net.sf.freecol.server.ai.MissionAssignmentTest" name="testSecureIndianSettlementMission" time="0.042" />

      <testcase classname="net.sf.freecol.server.ai.MissionAssignmentTest" name="testAssignDefendSettlementMission" time="0.027" />

      <testcase classname="net.sf.freecol.server.ai.REFTest" name="testCreateREFPlayer" time="0.027" />

      <testcase classname="net.sf.freecol.server.ai.StandardAIPlayerTest" name="testEquipBravesNotEnoughReqGoods" time="0.036" />

      <testcase classname="net.sf.freecol.server.ai.StandardAIPlayerTest" name="testEquipBraves" time="0.025" />

      <testcase classname="net.sf.freecol.server.ai.TensionTest" name="testTension" time="0.039" />

      <testcase classname="net.sf.freecol.server.ai.mission.PioneeringMissionTest" name="testImprovementNoLongerValid" time="0.043" />

      <testcase classname="net.sf.freecol.server.ai.mission.PrivateerMissionTest" name="testIsMissionValid" time="0.032" />

      <testcase classname="net.sf.freecol.server.ai.mission.ScoutingMissionTest" name="testHorsesLost" time="0.033" />

      <testcase classname="net.sf.freecol.server.ai.mission.TransportMissionTest" name="testGetNextStopAlreadyAtDestination" time="0.044" />

      <testcase classname="net.sf.freecol.server.ai.mission.TransportMissionTest" name="testGetDefaultDestination" time="0.041" />

      <testcase classname="net.sf.freecol.server.ai.mission.TransportMissionTest" name="testWagonTrain" time="0.042" />

      <testcase classname="net.sf.freecol.server.ai.mission.TransportMissionTest" name="testGetNextStopIsColony" time="0.044" />

      <testcase classname="net.sf.freecol.server.ai.mission.TransportMissionTest" name="testGetNextStopIsEurope" time="0.043" />

      <testcase classname="net.sf.freecol.server.ai.mission.TransportMissionTest" name="testTransportMissionInvalidAfterCombatLost" time="0.052" />

      <testcase classname="net.sf.freecol.server.ai.mission.UnitSeekAndDestroyMissionTest" name="testCapturedUnitsLoseMission" time="0.025" />

      <testcase classname="net.sf.freecol.server.ai.mission.UnitSeekAndDestroyMissionTest" name="testDoNotPursueUnitsInColonies" time="0.026" />

      <testcase classname="net.sf.freecol.server.control.InGameControllerTest" name="testWarDeclarationAffectsSettlementAlarm" time="0.032" />

      <testcase classname="net.sf.freecol.server.control.InGameControllerTest" name="testArtilleryDemotedBySoldier" time="0.041" />

      <testcase classname="net.sf.freecol.server.control.InGameControllerTest" name="testPeaceTreatyFromWarStance" time="0.044" />

      <testcase classname="net.sf.freecol.server.control.InGameControllerTest" name="testScoutDiesNotLosesEquipment" time="0.04" />

      <testcase classname="net.sf.freecol.server.control.InGameControllerTest" name="testDragoonDemotedByBrave" time="0.048" />

      <testcase classname="net.sf.freecol.server.control.InGameControllerTest" name="testCeaseFireTreaty" time="0.033" />

      <testcase classname="net.sf.freecol.server.control.InGameControllerTest" name="testDeclarationOfWarFromPeace" time="0.035" />

      <testcase classname="net.sf.freecol.server.control.InGameControllerTest" name="testAttackColonyWithVeteran" time="0.056" />

      <testcase classname="net.sf.freecol.server.control.InGameControllerTest" name="testDragoonDemotedBySoldier" time="0.053" />

      <testcase classname="net.sf.freecol.server.control.InGameControllerTest" name="testAddFatherUnits" time="0.022" />

      <testcase classname="net.sf.freecol.server.control.InGameControllerTest" name="testDumpGoods" time="0.023" />

      <testcase classname="net.sf.freecol.server.control.InGameControllerTest" name="testAtackedNavalUnitIsDamaged" time="0.044" />

      <testcase classname="net.sf.freecol.server.control.InGameControllerTest" name="testLaSalle" time="0.039" />

      <testcase classname="net.sf.freecol.server.control.InGameControllerTest" name="testPocahontas" time="0.034" />

      <testcase classname="net.sf.freecol.server.control.InGameControllerTest" name="testPioneerDiesNotLosesEquipment" time="0.033" />

      <testcase classname="net.sf.freecol.server.control.InGameControllerTest" name="testPromotion" time="0.041" />

      <testcase classname="net.sf.freecol.server.control.InGameControllerTest" name="testClearSpecialty" time="0.026" />

      <testcase classname="net.sf.freecol.server.control.InGameControllerTest" name="testPeaceTreatyFromCeaseFireStance" time="0.033" />

      <testcase classname="net.sf.freecol.server.control.InGameControllerTest" name="testUnitLosesExperienceWithWorkChange" time="0.023" />

      <testcase classname="net.sf.freecol.server.control.InGameControllerTest" name="testEquipIndianNotEnoughReqGoods" time="0.037" />

      <testcase classname="net.sf.freecol.server.control.InGameControllerTest" name="testCashInTreasure" time="0.032" />

      <testcase classname="net.sf.freecol.server.control.InGameControllerTest" name="testAddFatherUpgrades" time="0.028" />

      <testcase classname="net.sf.freecol.server.control.InGameControllerTest" name="testUnitTypeChangeOnEnterColony" time="0.031" />

      <testcase classname="net.sf.freecol.server.control.InGameControllerTest" name="testSoldierDemotedBySoldier" time="0.038" />

      <testcase classname="net.sf.freecol.server.control.InGameControllerTest" name="testUnarmedAttack" time="0.03" />

      <testcase classname="net.sf.freecol.server.control.InGameControllerTest" name="testCarpenterHouseNationalAdvantage" time="0.032" />

      <testcase classname="net.sf.freecol.server.control.InGameControllerTest" name="testCreateMission" time="0.04" />

      <testcase classname="net.sf.freecol.server.control.InGameControllerTest" name="testDoAssignedWorkAmateurAndHardyPioneer" time="1.406" />

      <testcase classname="net.sf.freecol.server.control.InGameControllerTest" name="testEmbark" time="0.038" />

      <testcase classname="net.sf.freecol.server.control.InGameControllerTest" name="testVeteranSoldierDemotedBySoldier" time="0.031" />

      <testcase classname="net.sf.freecol.server.control.InGameControllerTest" name="testLoseColonyDefenceWithRevere" time="0.033" />

      <testcase classname="net.sf.freecol.server.control.InGameControllerTest" name="testBuildingBonus" time="0.031" />

      <testcase classname="net.sf.freecol.server.control.InGameControllerTest" name="testColonistDemotedBySoldier" time="0.031" />

      <testcase classname="net.sf.freecol.server.control.InGameControllerTest" name="testScoutDefeatedBySoldier" time="0.033" />

      <testcase classname="net.sf.freecol.server.control.InGameControllerTest" name="testAddFatherBuildingEvent" time="0.029" />

      <testcase classname="net.sf.freecol.server.control.InGameControllerTest" name="testAttackColonyWithBrave" time="0.072" />

      <testcase classname="net.sf.freecol.server.control.InGameControllerTest" name="testEquipIndian" time="0.03" />

      <testcase classname="net.sf.freecol.server.model.ServerBuildingTest" name="testMoveTeacherOutside" time="0.034" />

      <testcase classname="net.sf.freecol.server.model.ServerBuildingTest" name="testTeacherStoresProgress" time="0.034" />

      <testcase classname="net.sf.freecol.server.model.ServerBuildingTest" name="testCaseTwoTeachersWithDifferentExp" time="0.025" />

      <testcase classname="net.sf.freecol.server.model.ServerBuildingTest" name="testMoveTeacherInside" time="0.035" />

      <testcase classname="net.sf.freecol.server.model.ServerBuildingTest" name="testConcurrentUpgrade" time="0.026" />

      <testcase classname="net.sf.freecol.server.model.ServerBuildingTest" name="testTeachingOrder" time="0.033" />

      <testcase classname="net.sf.freecol.server.model.ServerBuildingTest" name="testTeachPettyCriminalsByMaster" time="0.031" />

      <testcase classname="net.sf.freecol.server.model.ServerBuildingTest" name="testTeachingDoublePromotion" time="0.029" />

      <testcase classname="net.sf.freecol.server.model.ServerBuildingTest" name="testUniversity" time="0.032" />

      <testcase classname="net.sf.freecol.server.model.ServerBuildingTest" name="testTwoTeachersSimple" time="0.025" />

      <testcase classname="net.sf.freecol.server.model.ServerBuildingTest" name="testTrackerBug1616384" time="0.032" />

      <testcase classname="net.sf.freecol.server.model.ServerBuildingTest" name="testSingleGuyTwoTeachers2" time="0.034" />

      <testcase classname="net.sf.freecol.server.model.ServerBuildingTest" name="testCollege" time="0.023" />

      <testcase classname="net.sf.freecol.server.model.ServerBuildingTest" name="testSingleGuyTwoTeachers" time="0.035" />

      <testcase classname="net.sf.freecol.server.model.ServerBuildingTest" name="testSonsOfLiberty" time="0.03" />

      <testcase classname="net.sf.freecol.server.model.ServerBuildingTest" name="testTwoTeachersOfSameKind" time="0.031" />

      <testcase classname="net.sf.freecol.server.model.ServerBuildingTest" name="testTeachPettyCriminals" time="0.03" />

      <testcase classname="net.sf.freecol.server.model.ServerBuildingTest" name="testProductionBonus" time="0.03" />

      <testcase classname="net.sf.freecol.server.model.ServerBuildingTest" name="testPartTraining" time="0.033" />

      <testcase classname="net.sf.freecol.server.model.ServerBuildingTest" name="testExpertTeaching" time="0.026" />

      <testcase classname="net.sf.freecol.server.model.ServerBuildingTest" name="testColonialRegular" time="0.033" />

      <testcase classname="net.sf.freecol.server.model.ServerBuildingTest" name="testTeachIndenturedServants" time="0.032" />

      <testcase classname="net.sf.freecol.server.model.ServerColonyTest" name="testEqualFoodProductionConsumptionCase" time="0.03" />

      <testcase classname="net.sf.freecol.server.model.ServerColonyTest" name="testDeathByStarvation" time="0.03" />

      <testcase classname="net.sf.freecol.server.model.ServerColonyTest" name="testBuildingCompletion" time="0.032" />

      <testcase classname="net.sf.freecol.server.model.ServerColonyTest" name="testInvalidCompletion" time="0.024" />

      <testcase classname="net.sf.freecol.server.model.ServerColonyTest" name="testAvoidStarvation" time="0.026" />

      <testcase classname="net.sf.freecol.server.model.ServerColonyTest" name="testNoBuildingMaterialsProductionWhenBuildingNothing" time="0.002" />

      <testcase classname="net.sf.freecol.server.model.ServerColonyTest" name="testFoodConsumption" time="0.035" />

      <testcase classname="net.sf.freecol.server.model.ServerColonyTest" name="testLibertyAndImmigration" time="0.028" />

      <testcase classname="net.sf.freecol.server.model.ServerIndianSettlementTest" name="testHorseBreedingNoFoodAvail" time="0.026" />

      <testcase classname="net.sf.freecol.server.model.ServerIndianSettlementTest" name="testPricing" time="0.028" />

      <testcase classname="net.sf.freecol.server.model.ServerIndianSettlementTest" name="testHorseBreeding" time="0.028" />

      <testcase classname="net.sf.freecol.server.model.ServerIndianSettlementTest" name="testFoodConsumption" time="0.022" />

      <testcase classname="net.sf.freecol.server.model.ServerPlayerTest" name="testCheckNoGameOverEnoughMoney" time="0.029" />

      <testcase classname="net.sf.freecol.server.model.ServerPlayerTest" name="testCheckGameOver1600Threshold" time="0.029" />

      <testcase classname="net.sf.freecol.server.model.ServerPlayerTest" name="testCheckNoGameOverHasColonistInNewWorld" time="0.027" />

      <testcase classname="net.sf.freecol.server.model.ServerPlayerTest" name="testHasExploredTile" time="0.032" />

      <testcase classname="net.sf.freecol.server.model.ServerPlayerTest" name="testBuyingMakesPricesRaise" time="0.032" />

      <testcase classname="net.sf.freecol.server.model.ServerPlayerTest" name="testCheckGameOverUnitsGoingToEurope" time="0.041" />

      <testcase classname="net.sf.freecol.server.model.ServerPlayerTest" name="testDutchMarket" time="0.061" />

      <testcase classname="net.sf.freecol.server.model.ServerPlayerTest" name="testCheckGameOverNoUnits" time="0.022" />

      <testcase classname="net.sf.freecol.server.model.ServerPlayerTest" name="testCheckGameOverUnitsGoingToNewWorld" time="0.026" />

      <testcase classname="net.sf.freecol.server.model.ServerPlayerTest" name="testSellingMakesPricesFall" time="0.028" />

      <testcase classname="net.sf.freecol.server.model.ServerPlayerTest" name="testMarketRecovery" time="0.04" />

      <testcase classname="net.sf.freecol.server.model.ServerPlayerTest" name="testLoadInColony" time="0.026" />

      <testcase classname="net.sf.freecol.server.model.ServerPlayerTest" name="testLoadInEurope" time="0.024" />

      <testcase classname="net.sf.freecol.server.model.ServerUnitTest" name="testDoAssignedWorkHardyPioneerPlowPlain" time="0.024" />

      <testcase classname="net.sf.freecol.server.model.ServerUnitTest" name="testColonyProfitFromEnhancement" time="0.027" />

      <testcase classname="net.sf.freecol.server.model.ServerUnitTest" name="testExposeResource" time="0.026" />

      <testcase classname="net.sf.freecol.server.model.ServerUnitTest" name="testDoAssignedWorkHardyPioneerBuildRoad" time="0.032" />

      <testcase classname="net.sf.freecol.server.model.ServerUnitTest" name="testUnitPromotionWorkingInWorkTile" time="0.023" />

      <testcase classname="net.sf.freecol.server.model.ServerUnitTest" name="testUnitGetsExperienceThroughWork" time="0.029" />

      <testcase classname="net.sf.freecol.server.model.ServerUnitTest" name="testUnitLumberDelivery" time="0.028" />

      <testcase classname="net.sf.freecol.server.model.ServerUnitTest" name="testToggleHorses" time="0.018" />

      <testcase classname="net.sf.freecol.server.generator.MapGeneratorTest" name="testSinglePlayerOnSmallMap" time="0.166" />

      <testcase classname="net.sf.freecol.server.generator.MapGeneratorTest" name="testImportMap" time="0.347" />

      <testcase classname="net.sf.freecol.server.generator.MapGeneratorTest" name="testRegions" time="0.124" />

      <testcase classname="net.sf.freecol.server.generator.MapGeneratorTest" name="testWithNoIndians" time="0.078" />

      <testcase classname="net.sf.freecol.server.generator.MapGeneratorTest" name="testIndianCapital" time="0.103" />

      <testcase classname="net.sf.freecol.server.generator.MapGeneratorTest" name="testMapGenerator" time="0.103" />

      <testcase classname="net.sf.freecol.client.gui.FontTest" name="testLogicalSerif" time="0.002" />

      <system-out><![CDATA[]]></system-out>

      <system-err><![CDATA[May 16, 2017 11:39:40 PM net.sf.freecol.common.model.Specification fixRoles
INFO: Loading role backward compatibility fragment: roles-compat.xml with roles: model.role.defaultmodel.role.scoutmodel.role.soldiermodel.role.dragoonmodel.role.pioneermodel.role.missionarymodel.role.infantrymodel.role.cavalrymodel.role.mountedBravemodel.role.armedBravemodel.role.nativeDragoon
May 16, 2017 11:39:40 PM net.sf.freecol.common.model.Specification checkDifficultyOptionGroup
INFO: Check group model.difficulty.immigration
May 16, 2017 11:39:40 PM net.sf.freecol.common.model.Specification checkDifficultyOptionGroup
INFO: Check group model.difficulty.natives
May 16, 2017 11:39:40 PM net.sf.freecol.common.model.Specification checkDifficultyOptionGroup
INFO: Check group model.difficulty.monarch
May 16, 2017 11:39:40 PM net.sf.freecol.common.model.Specification checkDifficultyOptionGroup
INFO: Check group model.difficulty.government
May 16, 2017 11:39:40 PM net.sf.freecol.common.model.Specification checkDifficultyOptionGroup
INFO: Check group model.difficulty.other
May 16, 2017 11:39:40 PM net.sf.freecol.common.model.Specification checkDifficultyOptionGroup
INFO: Check group model.difficulty.cheat
May 16, 2017 11:39:40 PM net.sf.freecol.common.model.Specification checkDifficultyUnitListOption
INFO: Added difficulty unit list option: model.option.immigrants
May 16, 2017 11:39:40 PM net.sf.freecol.common.model.Specification clean
INFO: Specification clean following load from InputStream complete, starting year=1492, season year=1600, ages=[1,109,309], seasons=2, 259 FreeColGameObjectTypes, 79 Abilities, 41 BuildingTypes, 14 Disasters, 9 EuropeanNationTypes, 2 Events, 25 FoundingFathers, 21 GoodsTypes, 8 IndianNationTypes, 60 Modifiers, 25 Nations, 65 Options, 16 Option Groups, 12 ResourceTypes, 11 Roles, 23 TileTypes, 6 TileImprovementTypes, 42 UnitTypes read.
May 16, 2017 11:39:40 PM net.sf.freecol.common.model.Specification checkDifficultyOptionGroup
INFO: Check group model.difficulty.immigration
May 16, 2017 11:39:40 PM net.sf.freecol.common.model.Specification checkDifficultyOptionGroup
INFO: Check group model.difficulty.natives
May 16, 2017 11:39:40 PM net.sf.freecol.common.model.Specification checkDifficultyOptionGroup
INFO: Check group model.difficulty.monarch
May 16, 2017 11:39:40 PM net.sf.freecol.common.model.Specification checkDifficultyOptionGroup
INFO: Check group model.difficulty.government
May 16, 2017 11:39:40 PM net.sf.freecol.common.model.Specification checkDifficultyOptionGroup
INFO: Check group model.difficulty.other
May 16, 2017 11:39:40 PM net.sf.freecol.common.model.Specification checkDifficultyOptionGroup
INFO: Check group model.difficulty.cheat
May 16, 2017 11:39:40 PM net.sf.freecol.common.model.Specification applyDifficultyLevel
INFO: Applying difficulty level model.difficulty.medium
May 16, 2017 11:39:40 PM net.sf.freecol.common.model.Specification fixRoles
INFO: Loading role backward compatibility fragment: roles-compat.xml with roles: model.role.defaultmodel.role.scoutmodel.role.soldiermodel.role.dragoonmodel.role.pioneermodel.role.missionarymodel.role.infantrymodel.role.cavalrymodel.role.mountedBravemodel.role.armedBravemodel.role.nativeDragoon
May 16, 2017 11:39:40 PM net.sf.freecol.common.model.Specification checkDifficultyOptionGroup
INFO: Check group model.difficulty.immigration
May 16, 2017 11:39:40 PM net.sf.freecol.common.model.Specification checkDifficultyOptionGroup
INFO: Check group model.difficulty.natives
May 16, 2017 11:39:40 PM net.sf.freecol.common.model.Specification checkDifficultyOptionGroup
INFO: Check group model.difficulty.monarch
May 16, 2017 11:39:40 PM net.sf.freecol.common.model.Specification checkDifficultyOptionGroup
INFO: Check group model.difficulty.government
May 16, 2017 11:39:40 PM net.sf.freecol.common.model.Specification checkDifficultyOptionGroup
INFO: Check group model.difficulty.other
May 16, 2017 11:39:40 PM net.sf.freecol.common.model.Specification checkDifficultyOptionGroup
INFO: Check group model.difficulty.cheat
May 16, 2017 11:39:40 PM net.sf.freecol.common.model.Specification checkDifficultyUnitListOption
INFO: Added difficulty unit list option: model.option.immigrants
May 16, 2017 11:39:40 PM net.sf.freecol.common.model.Specification clean
INFO: Specification clean following load from InputStream complete, starting year=1492, season year=1600, ages=[1,109,309], seasons=2, 247 FreeColGameObjectTypes, 78 Abilities, 41 BuildingTypes, 14 Disasters, 5 EuropeanNationTypes, 2 Events, 25 FoundingFathers, 21 GoodsTypes, 8 IndianNationTypes, 60 Modifiers, 17 Nations, 65 Options, 16 Option Groups, 12 ResourceTypes, 11 Roles, 23 TileTypes, 6 TileImprovementTypes, 42 UnitTypes read.
May 16, 2017 11:39:40 PM net.sf.freecol.common.model.Specification checkDifficultyOptionGroup
INFO: Check group model.difficulty.immigration
May 16, 2017 11:39:40 PM net.sf.freecol.common.model.Specification checkDifficultyOptionGroup
INFO: Check group model.difficulty.natives
May 16, 2017 11:39:40 PM net.sf.freecol.common.model.Specification checkDifficultyOptionGroup
INFO: Check group model.difficulty.monarch
May 16, 2017 11:39:40 PM net.sf.freecol.common.model.Specification checkDifficultyOptionGroup
INFO: Check group model.difficulty.government
May 16, 2017 11:39:40 PM net.sf.freecol.common.model.Specification checkDifficultyOptionGroup
INFO: Check group model.difficulty.other
May 16, 2017 11:39:40 PM net.sf.freecol.common.model.Specification checkDifficultyOptionGroup
INFO: Check group model.difficulty.cheat
May 16, 2017 11:39:40 PM net.sf.freecol.common.model.Specification applyDifficultyLevel
INFO: Applying difficulty level model.difficulty.medium
May 16, 2017 11:39:40 PM net.sf.freecol.common.i18n.Messages replaceChoices
WARNING: Unknown key or untagged choice: 'west=westward|east=eastward|default=into the wind', selector was 'whatever', trying 'default' instead
May 16, 2017 11:39:41 PM net.sf.freecol.common.i18n.Messages replaceChoices
WARNING: No tag found: {{}}abc   {{xyz}}def{{123|567}}
May 16, 2017 11:39:41 PM net.sf.freecol.common.i18n.Messages replaceChoices
WARNING: No tag found: {{}}abc   {{xyz}}def{{123|567}}
May 16, 2017 11:39:41 PM net.sf.freecol.common.i18n.Messages replaceChoices
WARNING: No tag found: {{}}abc   {{xyz}}def{{123|567}}
May 16, 2017 11:39:41 PM net.sf.freecol.common.model.Specification applyDifficultyLevel
INFO: Applying difficulty level model.difficulty.medium
May 16, 2017 11:39:41 PM net.sf.freecol.common.model.Specification applyDifficultyLevel
INFO: Applying difficulty level model.difficulty.medium
May 16, 2017 11:39:41 PM net.sf.freecol.common.util.LogBuilder log
INFO: In data\mods found mod: bryce classic_ui convertUpgrade daySeasons example fourSeasons hutzli markovoss misiulo monthSeasons plantForest weekSeasons
May 16, 2017 11:39:41 PM net.sf.freecol.common.model.Specification fixRoles
INFO: Loading role backward compatibility fragment: roles-compat.xml with roles: model.role.defaultmodel.role.scoutmodel.role.soldiermodel.role.dragoonmodel.role.pioneermodel.role.missionarymodel.role.infantrymodel.role.cavalrymodel.role.mountedBravemodel.role.armedBravemodel.role.nativeDragoon
May 16, 2017 11:39:41 PM net.sf.freecol.common.model.Specification checkDifficultyOptionGroup
INFO: Check group model.difficulty.immigration
May 16, 2017 11:39:41 PM net.sf.freecol.common.model.Specification checkDifficultyOptionGroup
INFO: Check group model.difficulty.natives
May 16, 2017 11:39:41 PM net.sf.freecol.common.model.Specification checkDifficultyOptionGroup
INFO: Check group model.difficulty.monarch
May 16, 2017 11:39:41 PM net.sf.freecol.common.model.Specification checkDifficultyOptionGroup
INFO: Check group model.difficulty.government
May 16, 2017 11:39:41 PM net.sf.freecol.common.model.Specification checkDifficultyOptionGroup
INFO: Check group model.difficulty.other
May 16, 2017 11:39:41 PM net.sf.freecol.common.model.Specification checkDifficultyOptionGroup
INFO: Check group model.difficulty.cheat
May 16, 2017 11:39:41 PM net.sf.freecol.common.model.Specification checkDifficultyUnitListOption
INFO: Added difficulty unit list option: model.option.immigrants
May 16, 2017 11:39:41 PM net.sf.freecol.common.model.Specification clean
INFO: Specification clean following load from InputStream complete, starting year=1492, season year=1600, ages=[1,109,309], seasons=2, 258 FreeColGameObjectTypes, 79 Abilities, 41 BuildingTypes, 14 Disasters, 9 EuropeanNationTypes, 2 Events, 25 FoundingFathers, 21 GoodsTypes, 8 IndianNationTypes, 60 Modifiers, 25 Nations, 65 Options, 16 Option Groups, 12 ResourceTypes, 11 Roles, 23 TileTypes, 6 TileImprovementTypes, 41 UnitTypes read.
May 16, 2017 11:39:41 PM net.sf.freecol.common.model.Specification fixRoles
INFO: Loading role backward compatibility fragment: roles-compat.xml with roles: model.role.defaultmodel.role.scoutmodel.role.soldiermodel.role.dragoonmodel.role.pioneermodel.role.missionarymodel.role.infantrymodel.role.cavalrymodel.role.mountedBravemodel.role.armedBravemodel.role.nativeDragoon
May 16, 2017 11:39:41 PM net.sf.freecol.common.model.Specification checkDifficultyOptionGroup
INFO: Check group model.difficulty.immigration
May 16, 2017 11:39:41 PM net.sf.freecol.common.model.Specification checkDifficultyOptionGroup
INFO: Check group model.difficulty.natives
May 16, 2017 11:39:41 PM net.sf.freecol.common.model.Specification checkDifficultyOptionGroup
INFO: Check group model.difficulty.monarch
May 16, 2017 11:39:41 PM net.sf.freecol.common.model.Specification checkDifficultyOptionGroup
INFO: Check group model.difficulty.government
May 16, 2017 11:39:41 PM net.sf.freecol.common.model.Specification checkDifficultyOptionGroup
INFO: Check group model.difficulty.other
May 16, 2017 11:39:41 PM net.sf.freecol.common.model.Specification checkDifficultyOptionGroup
INFO: Check group model.difficulty.cheat
May 16, 2017 11:39:41 PM net.sf.freecol.common.model.Specification checkDifficultyUnitListOption
INFO: Added difficulty unit list option: model.option.immigrants
May 16, 2017 11:39:41 PM net.sf.freecol.common.model.Specification clean
INFO: Specification clean following load from InputStream complete, starting year=1492, season year=1600, ages=[1,109,309], seasons=2, 259 FreeColGameObjectTypes, 79 Abilities, 41 BuildingTypes, 14 Disasters, 9 EuropeanNationTypes, 2 Events, 25 FoundingFathers, 21 GoodsTypes, 8 IndianNationTypes, 60 Modifiers, 25 Nations, 65 Options, 16 Option Groups, 12 ResourceTypes, 11 Roles, 23 TileTypes, 6 TileImprovementTypes, 42 UnitTypes read.
May 16, 2017 11:39:41 PM net.sf.freecol.common.model.Specification fixRoles
INFO: Loading role backward compatibility fragment: roles-compat.xml with roles: model.role.defaultmodel.role.scoutmodel.role.soldiermodel.role.dragoonmodel.role.pioneermodel.role.missionarymodel.role.infantrymodel.role.cavalrymodel.role.mountedBravemodel.role.armedBravemodel.role.nativeDragoon
May 16, 2017 11:39:41 PM net.sf.freecol.common.model.Specification checkDifficultyOptionGroup
INFO: Check group model.difficulty.immigration
May 16, 2017 11:39:41 PM net.sf.freecol.common.model.Specification checkDifficultyOptionGroup
INFO: Check group model.difficulty.natives
May 16, 2017 11:39:41 PM net.sf.freecol.common.model.Specification checkDifficultyOptionGroup
INFO: Check group model.difficulty.monarch
May 16, 2017 11:39:41 PM net.sf.freecol.common.model.Specification checkDifficultyOptionGroup
INFO: Check group model.difficulty.government
May 16, 2017 11:39:41 PM net.sf.freecol.common.model.Specification checkDifficultyOptionGroup
INFO: Check group model.difficulty.other
May 16, 2017 11:39:41 PM net.sf.freecol.common.model.Specification checkDifficultyOptionGroup
INFO: Check group model.difficulty.cheat
May 16, 2017 11:39:41 PM net.sf.freecol.common.model.Specification checkDifficultyUnitListOption
INFO: Added difficulty unit list option: model.option.immigrants
May 16, 2017 11:39:41 PM net.sf.freecol.common.model.Specification clean
INFO: Specification clean following load from InputStream complete, starting year=1492, season year=1600, ages=[1,109,309], seasons=2, 259 FreeColGameObjectTypes, 79 Abilities, 41 BuildingTypes, 14 Disasters, 9 EuropeanNationTypes, 2 Events, 25 FoundingFathers, 21 GoodsTypes, 8 IndianNationTypes, 60 Modifiers, 25 Nations, 65 Options, 16 Option Groups, 12 ResourceTypes, 11 Roles, 23 TileTypes, 6 TileImprovementTypes, 42 UnitTypes read.
May 16, 2017 11:39:41 PM net.sf.freecol.common.model.Specification loadMods
INFO: Loaded mod example
May 16, 2017 11:39:41 PM net.sf.freecol.common.model.Specification clean
INFO: Specification clean following mod loading complete, starting year=1492, season year=1600, ages=[1,109,309], seasons=2, 260 FreeColGameObjectTypes, 79 Abilities, 41 BuildingTypes, 14 Disasters, 9 EuropeanNationTypes, 2 Events, 25 FoundingFathers, 21 GoodsTypes, 8 IndianNationTypes, 60 Modifiers, 25 Nations, 65 Options, 16 Option Groups, 12 ResourceTypes, 11 Roles, 23 TileTypes, 6 TileImprovementTypes, 43 UnitTypes read.
May 16, 2017 11:39:41 PM net.sf.freecol.common.model.Specification fixRoles
INFO: Loading role backward compatibility fragment: roles-compat.xml with roles: model.role.defaultmodel.role.scoutmodel.role.soldiermodel.role.dragoonmodel.role.pioneermodel.role.missionarymodel.role.infantrymodel.role.cavalrymodel.role.mountedBravemodel.role.armedBravemodel.role.nativeDragoon
May 16, 2017 11:39:41 PM net.sf.freecol.common.model.Specification checkDifficultyOptionGroup
INFO: Check group model.difficulty.immigration
May 16, 2017 11:39:41 PM net.sf.freecol.common.model.Specification checkDifficultyOptionGroup
INFO: Check group model.difficulty.natives
May 16, 2017 11:39:41 PM net.sf.freecol.common.model.Specification checkDifficultyOptionGroup
INFO: Check group model.difficulty.monarch
May 16, 2017 11:39:41 PM net.sf.freecol.common.model.Specification checkDifficultyOptionGroup
INFO: Check group model.difficulty.government
May 16, 2017 11:39:41 PM net.sf.freecol.common.model.Specification checkDifficultyOptionGroup
INFO: Check group model.difficulty.other
May 16, 2017 11:39:41 PM net.sf.freecol.common.model.Specification checkDifficultyOptionGroup
INFO: Check group model.difficulty.cheat
May 16, 2017 11:39:41 PM net.sf.freecol.common.model.Specification checkDifficultyUnitListOption
INFO: Added difficulty unit list option: model.option.immigrants
May 16, 2017 11:39:41 PM net.sf.freecol.common.model.Specification clean
INFO: Specification clean following load from InputStream complete, starting year=1492, season year=1600, ages=[1,109,309], seasons=2, 260 FreeColGameObjectTypes, 79 Abilities, 41 BuildingTypes, 14 Disasters, 9 EuropeanNationTypes, 2 Events, 25 FoundingFathers, 21 GoodsTypes, 8 IndianNationTypes, 60 Modifiers, 25 Nations, 65 Options, 16 Option Groups, 12 ResourceTypes, 11 Roles, 23 TileTypes, 6 TileImprovementTypes, 43 UnitTypes read.
May 16, 2017 11:39:41 PM net.sf.freecol.common.model.Specification fixRoles
INFO: Loading role backward compatibility fragment: roles-compat.xml with roles: model.role.defaultmodel.role.scoutmodel.role.soldiermodel.role.dragoonmodel.role.pioneermodel.role.missionarymodel.role.infantrymodel.role.cavalrymodel.role.mountedBravemodel.role.armedBravemodel.role.nativeDragoon
May 16, 2017 11:39:41 PM net.sf.freecol.common.model.Specification checkDifficultyOptionGroup
INFO: Check group model.difficulty.immigration
May 16, 2017 11:39:41 PM net.sf.freecol.common.model.Specification checkDifficultyOptionGroup
INFO: Check group model.difficulty.natives
May 16, 2017 11:39:41 PM net.sf.freecol.common.model.Specification checkDifficultyOptionGroup
INFO: Check group model.difficulty.monarch
May 16, 2017 11:39:41 PM net.sf.freecol.common.model.Specification checkDifficultyOptionGroup
INFO: Check group model.difficulty.government
May 16, 2017 11:39:41 PM net.sf.freecol.common.model.Specification checkDifficultyOptionGroup
INFO: Check group model.difficulty.other
May 16, 2017 11:39:41 PM net.sf.freecol.common.model.Specification checkDifficultyOptionGroup
INFO: Check group model.difficulty.cheat
May 16, 2017 11:39:41 PM net.sf.freecol.common.model.Specification checkDifficultyUnitListOption
INFO: Added difficulty unit list option: model.option.immigrants
May 16, 2017 11:39:41 PM net.sf.freecol.common.model.Specification clean
INFO: Specification clean following load from InputStream complete, starting year=1492, season year=1600, ages=[1,109,309], seasons=2, 259 FreeColGameObjectTypes, 79 Abilities, 41 BuildingTypes, 14 Disasters, 9 EuropeanNationTypes, 2 Events, 25 FoundingFathers, 21 GoodsTypes, 8 IndianNationTypes, 60 Modifiers, 25 Nations, 65 Options, 16 Option Groups, 12 ResourceTypes, 11 Roles, 23 TileTypes, 6 TileImprovementTypes, 42 UnitTypes read.
May 16, 2017 11:39:41 PM net.sf.freecol.common.model.Specification fixRoles
INFO: Loading role backward compatibility fragment: roles-compat.xml with roles: model.role.defaultmodel.role.scoutmodel.role.soldiermodel.role.dragoonmodel.role.pioneermodel.role.missionarymodel.role.infantrymodel.role.cavalrymodel.role.mountedBravemodel.role.armedBravemodel.role.nativeDragoon
May 16, 2017 11:39:41 PM net.sf.freecol.common.model.Specification checkDifficultyOptionGroup
INFO: Check group model.difficulty.immigration
May 16, 2017 11:39:41 PM net.sf.freecol.common.model.Specification checkDifficultyOptionGroup
INFO: Check group model.difficulty.natives
May 16, 2017 11:39:41 PM net.sf.freecol.common.model.Specification checkDifficultyOptionGroup
INFO: Check group model.difficulty.monarch
May 16, 2017 11:39:41 PM net.sf.freecol.common.model.Specification checkDifficultyOptionGroup
INFO: Check group model.difficulty.government
May 16, 2017 11:39:41 PM net.sf.freecol.common.model.Specification checkDifficultyOptionGroup
INFO: Check group model.difficulty.other
May 16, 2017 11:39:41 PM net.sf.freecol.common.model.Specification checkDifficultyOptionGroup
INFO: Check group model.difficulty.cheat
May 16, 2017 11:39:41 PM net.sf.freecol.common.model.Specification checkDifficultyUnitListOption
INFO: Added difficulty unit list option: model.option.immigrants
May 16, 2017 11:39:41 PM net.sf.freecol.common.model.Specification clean
INFO: Specification clean following load from InputStream complete, starting year=1492, season year=1600, ages=[1,109,309], seasons=2, 259 FreeColGameObjectTypes, 79 Abilities, 41 BuildingTypes, 14 Disasters, 9 EuropeanNationTypes, 2 Events, 25 FoundingFathers, 21 GoodsTypes, 8 IndianNationTypes, 60 Modifiers, 25 Nations, 65 Options, 16 Option Groups, 12 ResourceTypes, 11 Roles, 23 TileTypes, 6 TileImprovementTypes, 42 UnitTypes read.
May 16, 2017 11:39:41 PM net.sf.freecol.common.model.Specification applyDifficultyLevel
INFO: Applying difficulty level model.difficulty.medium
May 16, 2017 11:39:41 PM net.sf.freecol.common.model.Specification applyDifficultyLevel
INFO: Applying difficulty level model.difficulty.medium
May 16, 2017 11:39:41 PM net.sf.freecol.common.model.Specification applyDifficultyLevel
INFO: Applying difficulty level model.difficulty.medium
May 16, 2017 11:39:41 PM net.sf.freecol.common.model.Specification applyDifficultyLevel
INFO: Applying difficulty level model.difficulty.medium
May 16, 2017 11:39:41 PM net.sf.freecol.common.model.Specification applyDifficultyLevel
INFO: Applying difficulty level model.difficulty.medium
May 16, 2017 11:39:41 PM net.sf.freecol.common.model.Specification applyDifficultyLevel
INFO: Applying difficulty level model.difficulty.medium
May 16, 2017 11:39:41 PM net.sf.freecol.common.model.Specification applyDifficultyLevel
INFO: Applying difficulty level model.difficulty.medium
May 16, 2017 11:39:41 PM net.sf.freecol.common.model.Specification applyDifficultyLevel
INFO: Applying difficulty level model.difficulty.medium
May 16, 2017 11:39:41 PM net.sf.freecol.common.model.Specification applyDifficultyLevel
INFO: Applying difficulty level model.difficulty.medium
May 16, 2017 11:39:41 PM net.sf.freecol.common.model.Specification applyDifficultyLevel
INFO: Applying difficulty level model.difficulty.medium
May 16, 2017 11:39:41 PM net.sf.freecol.common.model.Specification applyDifficultyLevel
INFO: Applying difficulty level model.difficulty.medium
May 16, 2017 11:39:41 PM net.sf.freecol.common.model.Specification applyDifficultyLevel
INFO: Applying difficulty level model.difficulty.medium
May 16, 2017 11:39:41 PM net.sf.freecol.common.model.Unit setLocation
WARNING: Can not add [unit:798 dutch indianConvert 0/1] to building:794
May 16, 2017 11:39:41 PM net.sf.freecol.common.model.Unit setLocation
WARNING: Can not add [unit:798 dutch indianConvert 0/1] to building:795
May 16, 2017 11:39:41 PM net.sf.freecol.common.model.Unit setLocation
WARNING: Can not add [unit:798 dutch indianConvert 0/1] to building:793
May 16, 2017 11:39:41 PM net.sf.freecol.common.model.Specification applyDifficultyLevel
INFO: Applying difficulty level model.difficulty.medium
May 16, 2017 11:39:41 PM net.sf.freecol.common.model.Specification applyDifficultyLevel
INFO: Applying difficulty level model.difficulty.medium
May 16, 2017 11:39:41 PM net.sf.freecol.common.model.Specification applyDifficultyLevel
INFO: Applying difficulty level model.difficulty.medium
May 16, 2017 11:39:41 PM net.sf.freecol.common.model.Specification applyDifficultyLevel
INFO: Applying difficulty level model.difficulty.medium
May 16, 2017 11:39:41 PM net.sf.freecol.common.model.Specification applyDifficultyLevel
INFO: Applying difficulty level model.difficulty.medium
May 16, 2017 11:39:41 PM net.sf.freecol.common.model.Specification applyDifficultyLevel
INFO: Applying difficulty level model.difficulty.medium
May 16, 2017 11:39:41 PM net.sf.freecol.common.model.Specification applyDifficultyLevel
INFO: Applying difficulty level model.difficulty.medium
May 16, 2017 11:39:41 PM net.sf.freecol.common.model.Specification applyDifficultyLevel
INFO: Applying difficulty level model.difficulty.medium
May 16, 2017 11:39:41 PM net.sf.freecol.common.model.Specification applyDifficultyLevel
INFO: Applying difficulty level model.difficulty.medium
May 16, 2017 11:39:42 PM net.sf.freecol.common.model.Specification applyDifficultyLevel
INFO: Applying difficulty level model.difficulty.medium
May 16, 2017 11:39:42 PM net.sf.freecol.common.model.Specification applyDifficultyLevel
INFO: Applying difficulty level model.difficulty.medium
May 16, 2017 11:39:42 PM net.sf.freecol.common.model.Specification applyDifficultyLevel
INFO: Applying difficulty level model.difficulty.medium
May 16, 2017 11:39:42 PM net.sf.freecol.common.model.Specification applyDifficultyLevel
INFO: Applying difficulty level model.difficulty.medium
May 16, 2017 11:39:42 PM net.sf.freecol.common.model.Specification applyDifficultyLevel
INFO: Applying difficulty level model.difficulty.medium
May 16, 2017 11:39:42 PM net.sf.freecol.common.model.Specification applyDifficultyLevel
INFO: Applying difficulty level model.difficulty.medium
May 16, 2017 11:39:42 PM net.sf.freecol.common.model.Specification applyDifficultyLevel
INFO: Applying difficulty level model.difficulty.medium
May 16, 2017 11:39:42 PM net.sf.freecol.common.model.Specification applyDifficultyLevel
INFO: Applying difficulty level model.difficulty.medium
May 16, 2017 11:39:42 PM net.sf.freecol.common.model.Specification applyDifficultyLevel
INFO: Applying difficulty level model.difficulty.medium
May 16, 2017 11:39:42 PM net.sf.freecol.common.model.Specification applyDifficultyLevel
INFO: Applying difficulty level model.difficulty.medium
May 16, 2017 11:39:42 PM net.sf.freecol.common.model.Specification applyDifficultyLevel
INFO: Applying difficulty level model.difficulty.medium
May 16, 2017 11:39:42 PM net.sf.freecol.common.model.Specification applyDifficultyLevel
INFO: Applying difficulty level model.difficulty.medium
May 16, 2017 11:39:42 PM net.sf.freecol.common.model.Specification applyDifficultyLevel
INFO: Applying difficulty level model.difficulty.medium
May 16, 2017 11:39:42 PM net.sf.freecol.common.model.Specification applyDifficultyLevel
INFO: Applying difficulty level model.difficulty.medium
May 16, 2017 11:39:42 PM net.sf.freecol.common.model.Specification applyDifficultyLevel
INFO: Applying difficulty level model.difficulty.medium
May 16, 2017 11:39:42 PM net.sf.freecol.common.model.Specification applyDifficultyLevel
INFO: Applying difficulty level model.difficulty.medium
May 16, 2017 11:39:42 PM net.sf.freecol.common.model.Specification applyDifficultyLevel
INFO: Applying difficulty level model.difficulty.medium
May 16, 2017 11:39:42 PM net.sf.freecol.common.model.Specification applyDifficultyLevel
INFO: Applying difficulty level model.difficulty.medium
May 16, 2017 11:39:42 PM net.sf.freecol.common.model.Specification applyDifficultyLevel
INFO: Applying difficulty level model.difficulty.medium
May 16, 2017 11:39:42 PM net.sf.freecol.common.model.Specification applyDifficultyLevel
INFO: Applying difficulty level model.difficulty.medium
May 16, 2017 11:39:42 PM net.sf.freecol.common.FreeColSeed getFreeColSeed
INFO: Using seed: -5334945591442138288
May 16, 2017 11:39:42 PM net.sf.freecol.server.networking.Server sendToAll
INFO: Reap dead connection: [DummyConnection Server connection - model.nation.iroquois]
May 16, 2017 11:39:42 PM net.sf.freecol.server.networking.Server sendToAll
INFO: Reap dead connection: [DummyConnection Server connection - model.nation.sioux]
May 16, 2017 11:39:42 PM net.sf.freecol.server.networking.Server sendToAll
INFO: Reap dead connection: [DummyConnection Server connection - model.nation.dutch]
May 16, 2017 11:39:42 PM net.sf.freecol.server.networking.Server sendToAll
INFO: Reap dead connection: [DummyConnection Server connection - model.nation.arawak]
May 16, 2017 11:39:42 PM net.sf.freecol.server.networking.Server sendToAll
INFO: Reap dead connection: [DummyConnection Server connection - model.nation.apache]
May 16, 2017 11:39:42 PM net.sf.freecol.server.networking.Server sendToAll
INFO: Reap dead connection: [DummyConnection Server connection - model.nation.aztec]
May 16, 2017 11:39:42 PM net.sf.freecol.server.networking.Server sendToAll
INFO: Reap dead connection: [DummyConnection Server connection - model.nation.cherokee]
May 16, 2017 11:39:42 PM net.sf.freecol.server.networking.Server sendToAll
INFO: Reap dead connection: [DummyConnection Server connection - model.nation.french]
May 16, 2017 11:39:42 PM net.sf.freecol.server.networking.Server sendToAll
INFO: Reap dead connection: [DummyConnection Server connection - model.nation.english]
May 16, 2017 11:39:42 PM net.sf.freecol.server.networking.Server sendToAll
INFO: Reap dead connection: [DummyConnection Server connection - model.nation.inca]
May 16, 2017 11:39:42 PM net.sf.freecol.server.networking.Server sendToAll
INFO: Reap dead connection: [DummyConnection Server connection - model.nation.tupi]
May 16, 2017 11:39:42 PM net.sf.freecol.server.networking.Server sendToAll
INFO: Reap dead connection: [DummyConnection Server connection - model.nation.spanish]
May 16, 2017 11:39:42 PM net.sf.freecol.common.util.LogBuilder log
INFO: Combat attacker=unit:268-veteranSoldier-soldier [Modifier model.modifier.offence (model.source.baseOffence) ADDITIVE 0.0 index=10] [Modifier model.modifier.offence (model.role.soldier) ADDITIVE 2.0 index=30] [Modifier model.modifier.offence (model.unit.veteranSoldier) PERCENTAGE 50.0 index=40] [Modifier model.modifier.attackBonus (model.source.attackBonus) PERCENTAGE 50.0 index=50] = 4.5 defender=unit:250-brave [Modifier model.modifier.defence (model.source.baseDefence) ADDITIVE 1.0 index=10] [Modifier model.modifier.defence (model.settlement.inca.capital) PERCENTAGE 200.0 index=50] = 3.0 odds=0.6 random(1.0)=0.0 great=true Attack WIN SLAUGHTER_UNIT CAPTURE_CONVERT
May 16, 2017 11:39:42 PM net.sf.freecol.common.util.LogBuilder log
INFO: Destroying: goodsContainer:251 unit:250
May 16, 2017 11:39:42 PM net.sf.freecol.common.model.Specification applyDifficultyLevel
INFO: Applying difficulty level model.difficulty.medium
May 16, 2017 11:39:42 PM net.sf.freecol.common.model.Specification applyDifficultyLevel
INFO: Applying difficulty level model.difficulty.medium
May 16, 2017 11:39:42 PM net.sf.freecol.common.model.Specification applyDifficultyLevel
INFO: Applying difficulty level model.difficulty.medium
May 16, 2017 11:39:42 PM net.sf.freecol.common.FreeColSeed getFreeColSeed
INFO: Using seed: -7279349543316854451
May 16, 2017 11:39:42 PM net.sf.freecol.server.networking.Server sendToAll
INFO: Reap dead connection: [DummyConnection Server connection - model.nation.cherokee]
May 16, 2017 11:39:42 PM net.sf.freecol.server.networking.Server sendToAll
INFO: Reap dead connection: [DummyConnection Server connection - model.nation.french]
May 16, 2017 11:39:42 PM net.sf.freecol.server.networking.Server sendToAll
INFO: Reap dead connection: [DummyConnection Server connection - model.nation.dutch]
May 16, 2017 11:39:42 PM net.sf.freecol.server.networking.Server sendToAll
INFO: Reap dead connection: [DummyConnection Server connection - model.nation.aztec]
May 16, 2017 11:39:42 PM net.sf.freecol.server.networking.Server sendToAll
INFO: Reap dead connection: [DummyConnection Server connection - model.nation.inca]
May 16, 2017 11:39:42 PM net.sf.freecol.server.networking.Server sendToAll
INFO: Reap dead connection: [DummyConnection Server connection - model.nation.iroquois]
May 16, 2017 11:39:42 PM net.sf.freecol.server.networking.Server sendToAll
INFO: Reap dead connection: [DummyConnection Server connection - model.nation.english]
May 16, 2017 11:39:42 PM net.sf.freecol.server.networking.Server sendToAll
INFO: Reap dead connection: [DummyConnection Server connection - model.nation.apache]
[...]
May 16, 2017 11:39:58 PM net.sf.freecol.common.util.LogBuilder log
INFO: Destroying: tileImprovement:4959
May 16, 2017 11:39:58 PM net.sf.freecol.common.util.LogBuilder log
INFO: Destroying: tileImprovement:4961
May 16, 2017 11:39:58 PM net.sf.freecol.common.util.LogBuilder log
INFO: Destroying: tileImprovement:4963
May 16, 2017 11:39:58 PM net.sf.freecol.common.util.LogBuilder log
INFO: Destroying: tileImprovement:5001
May 16, 2017 11:39:58 PM net.sf.freecol.common.util.LogBuilder log
INFO: Destroying: tileImprovement:5002
May 16, 2017 11:39:58 PM net.sf.freecol.common.util.LogBuilder log
INFO: Destroying: tileImprovement:5003
May 16, 2017 11:39:58 PM net.sf.freecol.common.util.LogBuilder log
INFO: Destroying: tileImprovement:5004
May 16, 2017 11:39:58 PM net.sf.freecol.common.util.LogBuilder log
INFO: Destroying: tileImprovement:5005
May 16, 2017 11:39:58 PM net.sf.freecol.common.util.LogBuilder log
INFO: Destroying: tileImprovement:5006
May 16, 2017 11:39:58 PM net.sf.freecol.common.util.LogBuilder log
INFO: Destroying: tileImprovement:5007
May 16, 2017 11:39:58 PM net.sf.freecol.common.util.LogBuilder log
INFO: Destroying: tileImprovement:5008
May 16, 2017 11:39:58 PM net.sf.freecol.common.util.LogBuilder log
INFO: Destroying: tileImprovement:4827
May 16, 2017 11:39:58 PM net.sf.freecol.common.util.LogBuilder log
INFO: Destroying: tileImprovement:4828
May 16, 2017 11:39:58 PM net.sf.freecol.common.util.LogBuilder log
INFO: Destroying: tileImprovement:4937
May 16, 2017 11:39:58 PM net.sf.freecol.common.util.LogBuilder log
INFO: Destroying: tileImprovement:4939
May 16, 2017 11:39:58 PM net.sf.freecol.common.util.LogBuilder log
INFO: Destroying: tileImprovement:4941
May 16, 2017 11:39:58 PM net.sf.freecol.common.util.LogBuilder log
INFO: Destroying: tileImprovement:4943
May 16, 2017 11:39:58 PM net.sf.freecol.common.util.LogBuilder log
INFO: Destroying: tileImprovement:4945
May 16, 2017 11:39:58 PM net.sf.freecol.common.util.LogBuilder log
INFO: Destroying: tileImprovement:4947
May 16, 2017 11:39:58 PM net.sf.freecol.common.util.LogBuilder log
INFO: Destroying: tileImprovement:4924
May 16, 2017 11:39:58 PM net.sf.freecol.common.util.LogBuilder log
INFO: Destroying: tileImprovement:4925
May 16, 2017 11:39:58 PM net.sf.freecol.common.util.LogBuilder log
INFO: Destroying: tileImprovement:4926
May 16, 2017 11:39:58 PM net.sf.freecol.common.util.LogBuilder log
INFO: Destroying: tileImprovement:4927
May 16, 2017 11:39:58 PM net.sf.freecol.common.util.LogBuilder log
INFO: Destroying: tileImprovement:4928
May 16, 2017 11:39:58 PM net.sf.freecol.common.util.LogBuilder log
INFO: Destroying: tileImprovement:4929
May 16, 2017 11:39:58 PM net.sf.freecol.common.util.LogBuilder log
INFO: Destroying: tileImprovement:4930
May 16, 2017 11:39:58 PM net.sf.freecol.common.util.LogBuilder log
INFO: Destroying: tileImprovement:4931
May 16, 2017 11:39:58 PM net.sf.freecol.common.util.LogBuilder log
INFO: Destroying: tileImprovement:4932
May 16, 2017 11:39:58 PM net.sf.freecol.common.util.LogBuilder log
INFO: Destroying: tileImprovement:4933
May 16, 2017 11:39:58 PM net.sf.freecol.common.util.LogBuilder log
INFO: Destroying: tileImprovement:4934
May 16, 2017 11:39:58 PM net.sf.freecol.common.util.LogBuilder log
INFO: Destroying: tileImprovement:4935
May 16, 2017 11:39:58 PM net.sf.freecol.common.util.LogBuilder log
INFO: Destroying: tileImprovement:4936
May 16, 2017 11:39:58 PM net.sf.freecol.common.util.LogBuilder log
INFO: Destroying: tileImprovement:4752
May 16, 2017 11:39:58 PM net.sf.freecol.common.util.LogBuilder log
INFO: Destroying: tileImprovement:4754
May 16, 2017 11:39:58 PM net.sf.freecol.common.util.LogBuilder log
INFO: Destroying: tileImprovement:4756
May 16, 2017 11:39:58 PM net.sf.freecol.common.util.LogBuilder log
INFO: Destroying: tileImprovement:5045
May 16, 2017 11:39:58 PM net.sf.freecol.common.util.LogBuilder log
INFO: Destroying: tileImprovement:5047
May 16, 2017 11:39:58 PM net.sf.freecol.common.util.LogBuilder log
INFO: Destroying: tileImprovement:5049
May 16, 2017 11:39:58 PM net.sf.freecol.common.util.LogBuilder log
INFO: Destroying: tileImprovement:4740
May 16, 2017 11:39:58 PM net.sf.freecol.common.util.LogBuilder log
INFO: Destroying: tileImprovement:4742
May 16, 2017 11:39:58 PM net.sf.freecol.common.util.LogBuilder log
INFO: Destroying: tileImprovement:4744
May 16, 2017 11:39:58 PM net.sf.freecol.common.util.LogBuilder log
INFO: Destroying: tileImprovement:5187
May 16, 2017 11:39:58 PM net.sf.freecol.common.util.LogBuilder log
INFO: Destroying: tileImprovement:5188
May 16, 2017 11:39:58 PM net.sf.freecol.common.util.LogBuilder log
INFO: Destroying: tileImprovement:5189
May 16, 2017 11:39:58 PM net.sf.freecol.common.util.LogBuilder log
INFO: Destroying: tileImprovement:5171
May 16, 2017 11:39:58 PM net.sf.freecol.common.util.LogBuilder log
INFO: Destroying: tileImprovement:5173
May 16, 2017 11:39:58 PM net.sf.freecol.common.util.LogBuilder log
INFO: Destroying: tileImprovement:5168
May 16, 2017 11:39:58 PM net.sf.freecol.common.util.LogBuilder log
INFO: Destroying: tileImprovement:5169
May 16, 2017 11:39:58 PM net.sf.freecol.common.util.LogBuilder log
INFO: Destroying: tileImprovement:5170
May 16, 2017 11:39:58 PM net.sf.freecol.common.util.LogBuilder log
INFO: Destroying: tileImprovement:4694
May 16, 2017 11:39:58 PM net.sf.freecol.common.util.LogBuilder log
INFO: Destroying: tileImprovement:4696
May 16, 2017 11:39:58 PM net.sf.freecol.common.util.LogBuilder log
INFO: Destroying: tileImprovement:4698
May 16, 2017 11:39:58 PM net.sf.freecol.common.util.LogBuilder log
INFO: Destroying: tileImprovement:4700
May 16, 2017 11:39:58 PM net.sf.freecol.common.util.LogBuilder log
INFO: Destroying: tileImprovement:4702
May 16, 2017 11:39:58 PM net.sf.freecol.common.util.LogBuilder log
INFO: Destroying: tileImprovement:5041
May 16, 2017 11:39:58 PM net.sf.freecol.common.util.LogBuilder log
INFO: Destroying: tileImprovement:5043
May 16, 2017 11:39:58 PM net.sf.freecol.common.model.Game addPlayer
WARNING: Game already full, but tried to add: Dom Manuel I
May 16, 2017 11:39:58 PM net.sf.freecol.common.model.Game addPlayer
WARNING: Game already full, but tried to add: Charles XI
May 16, 2017 11:39:58 PM net.sf.freecol.common.model.Game addPlayer
WARNING: Game already full, but tried to add: Frederick II
May 16, 2017 11:39:58 PM net.sf.freecol.common.model.Game addPlayer
WARNING: Game already full, but tried to add: Peter I
May 16, 2017 11:39:58 PM net.sf.freecol.common.model.LandMap <init>
INFO: Using land generator model.option.landGeneratorType.classic
May 16, 2017 11:39:58 PM net.sf.freecol.common.util.LogBuilder log
INFO: Destroying: tileImprovement:4517
May 16, 2017 11:39:58 PM net.sf.freecol.common.util.LogBuilder log
INFO: Destroying: tileImprovement:4519
May 16, 2017 11:39:58 PM net.sf.freecol.common.util.LogBuilder log
INFO: Destroying: tileImprovement:4521
May 16, 2017 11:39:58 PM net.sf.freecol.common.util.LogBuilder log
INFO: Destroying: tileImprovement:4498
May 16, 2017 11:39:58 PM net.sf.freecol.common.util.LogBuilder log
INFO: Destroying: tileImprovement:4500
May 16, 2017 11:39:58 PM net.sf.freecol.common.util.LogBuilder log
INFO: Destroying: tileImprovement:4502
May 16, 2017 11:39:58 PM net.sf.freecol.common.util.LogBuilder log
INFO: Destroying: tileImprovement:4504
May 16, 2017 11:39:58 PM net.sf.freecol.common.util.LogBuilder log
INFO: Destroying: tileImprovement:4506
May 16, 2017 11:39:58 PM net.sf.freecol.common.util.LogBuilder log
INFO: Destroying: tileImprovement:4508
May 16, 2017 11:39:58 PM net.sf.freecol.common.util.LogBuilder log
INFO: Destroying: tileImprovement:4510
May 16, 2017 11:39:58 PM net.sf.freecol.common.util.LogBuilder log
INFO: Destroying: tileImprovement:4653
May 16, 2017 11:39:58 PM net.sf.freecol.common.util.LogBuilder log
INFO: Destroying: tileImprovement:4655
May 16, 2017 11:39:58 PM net.sf.freecol.common.util.LogBuilder log
INFO: Destroying: tileImprovement:4657
May 16, 2017 11:39:58 PM net.sf.freecol.common.util.LogBuilder log
INFO: Destroying: tileImprovement:4659
May 16, 2017 11:39:58 PM net.sf.freecol.common.util.LogBuilder log
INFO: Destroying: tileImprovement:4661
May 16, 2017 11:39:58 PM net.sf.freecol.common.util.LogBuilder log
INFO: Destroying: tileImprovement:4663
May 16, 2017 11:39:58 PM net.sf.freecol.common.util.LogBuilder log
INFO: Destroying: tileImprovement:4687
May 16, 2017 11:39:58 PM net.sf.freecol.common.util.LogBuilder log
INFO: Destroying: tileImprovement:4688
May 16, 2017 11:39:58 PM net.sf.freecol.common.util.LogBuilder log
INFO: Destroying: tileImprovement:4689
May 16, 2017 11:39:58 PM net.sf.freecol.common.util.LogBuilder log
INFO: Destroying: tileImprovement:4690
May 16, 2017 11:39:58 PM net.sf.freecol.common.util.LogBuilder log
INFO: Destroying: tileImprovement:4691
May 16, 2017 11:39:58 PM net.sf.freecol.common.util.LogBuilder log
INFO: Destroying: tileImprovement:4692
May 16, 2017 11:39:58 PM net.sf.freecol.common.util.LogBuilder log
INFO: Destroying: tileImprovement:4693
May 16, 2017 11:39:58 PM net.sf.freecol.common.util.LogBuilder log
INFO: Destroying: tileImprovement:4711
May 16, 2017 11:39:58 PM net.sf.freecol.common.util.LogBuilder log
INFO: Destroying: tileImprovement:4713
May 16, 2017 11:39:58 PM net.sf.freecol.common.util.LogBuilder log
INFO: Destroying: tileImprovement:4715
May 16, 2017 11:39:58 PM net.sf.freecol.common.util.LogBuilder log
INFO: Destroying: tileImprovement:4705
May 16, 2017 11:39:58 PM net.sf.freecol.common.util.LogBuilder log
INFO: Destroying: tileImprovement:4706
May 16, 2017 11:39:58 PM net.sf.freecol.common.util.LogBuilder log
INFO: Destroying: tileImprovement:4707
May 16, 2017 11:39:58 PM net.sf.freecol.common.util.LogBuilder log
INFO: Destroying: tileImprovement:4708
May 16, 2017 11:39:58 PM net.sf.freecol.common.util.LogBuilder log
INFO: Destroying: tileImprovement:4709
May 16, 2017 11:39:58 PM net.sf.freecol.common.util.LogBuilder log
INFO: Destroying: tileImprovement:4710
May 16, 2017 11:39:58 PM net.sf.freecol.common.util.LogBuilder log
INFO: Destroying: tileImprovement:4634
May 16, 2017 11:39:58 PM net.sf.freecol.common.util.LogBuilder log
INFO: Destroying: tileImprovement:4636
May 16, 2017 11:39:58 PM net.sf.freecol.common.util.LogBuilder log
INFO: Destroying: tileImprovement:4638
May 16, 2017 11:39:58 PM net.sf.freecol.common.util.LogBuilder log
INFO: Destroying: tileImprovement:4640
May 16, 2017 11:39:58 PM net.sf.freecol.common.util.LogBuilder log
INFO: Destroying: tileImprovement:4513
May 16, 2017 11:39:58 PM net.sf.freecol.common.util.LogBuilder log
INFO: Destroying: tileImprovement:4515
May 16, 2017 11:39:58 PM net.sf.freecol.common.util.LogBuilder log
INFO: Destroying: tileImprovement:4668
May 16, 2017 11:39:58 PM net.sf.freecol.common.util.LogBuilder log
INFO: Destroying: tileImprovement:4669
May 16, 2017 11:39:58 PM net.sf.freecol.common.util.LogBuilder log
INFO: Destroying: tileImprovement:4670
May 16, 2017 11:39:58 PM net.sf.freecol.common.util.LogBuilder log
INFO: Destroying: tileImprovement:4643
May 16, 2017 11:39:58 PM net.sf.freecol.common.util.LogBuilder log
INFO: Destroying: tileImprovement:4645
May 16, 2017 11:39:58 PM net.sf.freecol.common.util.LogBuilder log
INFO: Destroying: tileImprovement:4647
May 16, 2017 11:39:58 PM net.sf.freecol.common.util.LogBuilder log
INFO: Destroying: tileImprovement:4608
May 16, 2017 11:39:58 PM net.sf.freecol.common.util.LogBuilder log
INFO: Destroying: tileImprovement:4610
May 16, 2017 11:39:58 PM net.sf.freecol.common.util.LogBuilder log
INFO: Destroying: tileImprovement:4612
May 16, 2017 11:39:58 PM net.sf.freecol.common.util.LogBuilder log
INFO: Destroying: tileImprovement:4614
May 16, 2017 11:39:58 PM net.sf.freecol.common.util.LogBuilder log
INFO: Destroying: tileImprovement:4616
May 16, 2017 11:39:58 PM net.sf.freecol.common.util.LogBuilder log
INFO: Destroying: tileImprovement:4618
May 16, 2017 11:39:58 PM net.sf.freecol.common.util.LogBuilder log
INFO: Destroying: tileImprovement:4620
May 16, 2017 11:39:58 PM net.sf.freecol.common.util.LogBuilder log
INFO: Destroying: tileImprovement:4622
May 16, 2017 11:39:58 PM net.sf.freecol.common.util.LogBuilder log
INFO: Destroying: tileImprovement:4624
May 16, 2017 11:39:58 PM net.sf.freecol.common.util.LogBuilder log
INFO: Destroying: tileImprovement:4626
May 16, 2017 11:39:58 PM net.sf.freecol.common.util.LogBuilder log
INFO: Destroying: tileImprovement:4628
May 16, 2017 11:39:58 PM net.sf.freecol.common.util.LogBuilder log
INFO: Destroying: tileImprovement:4630
May 16, 2017 11:39:58 PM net.sf.freecol.common.util.LogBuilder log
INFO: Destroying: tileImprovement:4632
May 16, 2017 11:39:58 PM net.sf.freecol.common.util.LogBuilder log
INFO: Destroying: tileImprovement:4814
May 16, 2017 11:39:58 PM net.sf.freecol.common.util.LogBuilder log
INFO: Destroying: tileImprovement:4815
May 16, 2017 11:39:58 PM net.sf.freecol.common.util.LogBuilder log
INFO: Destroying: tileImprovement:4816
May 16, 2017 11:39:58 PM net.sf.freecol.common.util.LogBuilder log
INFO: Destroying: tileImprovement:4817
May 16, 2017 11:39:58 PM net.sf.freecol.common.util.LogBuilder log
INFO: Destroying: tileImprovement:4965
May 16, 2017 11:39:58 PM net.sf.freecol.common.util.LogBuilder log
INFO: Destroying: tileImprovement:4967
May 16, 2017 11:39:58 PM net.sf.freecol.common.util.LogBuilder log
INFO: Destroying: tileImprovement:4969
May 16, 2017 11:39:58 PM net.sf.freecol.common.util.LogBuilder log
INFO: Destroying: tileImprovement:4971
May 16, 2017 11:39:58 PM net.sf.freecol.common.util.LogBuilder log
INFO: Destroying: tileImprovement:4973
May 16, 2017 11:39:58 PM net.sf.freecol.common.util.LogBuilder log
INFO: Destroying: tileImprovement:4975
May 16, 2017 11:39:58 PM net.sf.freecol.common.util.LogBuilder log
INFO: Destroying: tileImprovement:4977
May 16, 2017 11:39:58 PM net.sf.freecol.common.util.LogBuilder log
INFO: Destroying: tileImprovement:4979
May 16, 2017 11:39:58 PM net.sf.freecol.common.util.LogBuilder log
INFO: Destroying: tileImprovement:4957
May 16, 2017 11:39:58 PM net.sf.freecol.common.util.LogBuilder log
INFO: Destroying: tileImprovement:4959
May 16, 2017 11:39:58 PM net.sf.freecol.common.util.LogBuilder log
INFO: Destroying: tileImprovement:4961
May 16, 2017 11:39:58 PM net.sf.freecol.common.util.LogBuilder log
INFO: Destroying: tileImprovement:4963
May 16, 2017 11:39:58 PM net.sf.freecol.common.util.LogBuilder log
INFO: Destroying: tileImprovement:5001
May 16, 2017 11:39:58 PM net.sf.freecol.common.util.LogBuilder log
INFO: Destroying: tileImprovement:5002
May 16, 2017 11:39:58 PM net.sf.freecol.common.util.LogBuilder log
INFO: Destroying: tileImprovement:5003
May 16, 2017 11:39:58 PM net.sf.freecol.common.util.LogBuilder log
INFO: Destroying: tileImprovement:5004
May 16, 2017 11:39:58 PM net.sf.freecol.common.util.LogBuilder log
INFO: Destroying: tileImprovement:5005
May 16, 2017 11:39:58 PM net.sf.freecol.common.util.LogBuilder log
INFO: Destroying: tileImprovement:5006
May 16, 2017 11:39:58 PM net.sf.freecol.common.util.LogBuilder log
INFO: Destroying: tileImprovement:5007
May 16, 2017 11:39:58 PM net.sf.freecol.common.util.LogBuilder log
INFO: Destroying: tileImprovement:5008
May 16, 2017 11:39:58 PM net.sf.freecol.common.util.LogBuilder log
INFO: Destroying: tileImprovement:4827
May 16, 2017 11:39:58 PM net.sf.freecol.common.util.LogBuilder log
INFO: Destroying: tileImprovement:4828
May 16, 2017 11:39:58 PM net.sf.freecol.common.util.LogBuilder log
INFO: Destroying: tileImprovement:4937
May 16, 2017 11:39:58 PM net.sf.freecol.common.util.LogBuilder log
INFO: Destroying: tileImprovement:4939
May 16, 2017 11:39:58 PM net.sf.freecol.common.util.LogBuilder log
INFO: Destroying: tileImprovement:4941
May 16, 2017 11:39:58 PM net.sf.freecol.common.util.LogBuilder log
INFO: Destroying: tileImprovement:4943
May 16, 2017 11:39:58 PM net.sf.freecol.common.util.LogBuilder log
INFO: Destroying: tileImprovement:4945
May 16, 2017 11:39:58 PM net.sf.freecol.common.util.LogBuilder log
INFO: Destroying: tileImprovement:4947
May 16, 2017 11:39:58 PM net.sf.freecol.common.util.LogBuilder log
INFO: Destroying: tileImprovement:4924
May 16, 2017 11:39:58 PM net.sf.freecol.common.util.LogBuilder log
INFO: Destroying: tileImprovement:4925
May 16, 2017 11:39:58 PM net.sf.freecol.common.util.LogBuilder log
INFO: Destroying: tileImprovement:4926
May 16, 2017 11:39:58 PM net.sf.freecol.common.util.LogBuilder log
INFO: Destroying: tileImprovement:4927
May 16, 2017 11:39:58 PM net.sf.freecol.common.util.LogBuilder log
INFO: Destroying: tileImprovement:4928
May 16, 2017 11:39:58 PM net.sf.freecol.common.util.LogBuilder log
INFO: Destroying: tileImprovement:4929
May 16, 2017 11:39:58 PM net.sf.freecol.common.util.LogBuilder log
INFO: Destroying: tileImprovement:4930
May 16, 2017 11:39:58 PM net.sf.freecol.common.util.LogBuilder log
INFO: Destroying: tileImprovement:4931
May 16, 2017 11:39:58 PM net.sf.freecol.common.util.LogBuilder log
INFO: Destroying: tileImprovement:4932
May 16, 2017 11:39:58 PM net.sf.freecol.common.util.LogBuilder log
INFO: Destroying: tileImprovement:4933
May 16, 2017 11:39:58 PM net.sf.freecol.common.util.LogBuilder log
INFO: Destroying: tileImprovement:4934
May 16, 2017 11:39:58 PM net.sf.freecol.common.util.LogBuilder log
INFO: Destroying: tileImprovement:4935
May 16, 2017 11:39:58 PM net.sf.freecol.common.util.LogBuilder log
INFO: Destroying: tileImprovement:4936
May 16, 2017 11:39:58 PM net.sf.freecol.common.util.LogBuilder log
INFO: Destroying: tileImprovement:4752
May 16, 2017 11:39:58 PM net.sf.freecol.common.util.LogBuilder log
INFO: Destroying: tileImprovement:4754
May 16, 2017 11:39:58 PM net.sf.freecol.common.util.LogBuilder log
INFO: Destroying: tileImprovement:4756
May 16, 2017 11:39:58 PM net.sf.freecol.common.util.LogBuilder log
INFO: Destroying: tileImprovement:5045
May 16, 2017 11:39:58 PM net.sf.freecol.common.util.LogBuilder log
INFO: Destroying: tileImprovement:5047
May 16, 2017 11:39:58 PM net.sf.freecol.common.util.LogBuilder log
INFO: Destroying: tileImprovement:5049
May 16, 2017 11:39:58 PM net.sf.freecol.common.util.LogBuilder log
INFO: Destroying: tileImprovement:4740
May 16, 2017 11:39:58 PM net.sf.freecol.common.util.LogBuilder log
INFO: Destroying: tileImprovement:4742
May 16, 2017 11:39:58 PM net.sf.freecol.common.util.LogBuilder log
INFO: Destroying: tileImprovement:4744
May 16, 2017 11:39:58 PM net.sf.freecol.common.util.LogBuilder log
INFO: Destroying: tileImprovement:5187
May 16, 2017 11:39:58 PM net.sf.freecol.common.util.LogBuilder log
INFO: Destroying: tileImprovement:5188
May 16, 2017 11:39:58 PM net.sf.freecol.common.util.LogBuilder log
INFO: Destroying: tileImprovement:5189
May 16, 2017 11:39:58 PM net.sf.freecol.common.util.LogBuilder log
INFO: Destroying: tileImprovement:5171
May 16, 2017 11:39:58 PM net.sf.freecol.common.util.LogBuilder log
INFO: Destroying: tileImprovement:5173
May 16, 2017 11:39:58 PM net.sf.freecol.common.util.LogBuilder log
INFO: Destroying: tileImprovement:5168
May 16, 2017 11:39:58 PM net.sf.freecol.common.util.LogBuilder log
INFO: Destroying: tileImprovement:5169
May 16, 2017 11:39:58 PM net.sf.freecol.common.util.LogBuilder log
INFO: Destroying: tileImprovement:5170
May 16, 2017 11:39:58 PM net.sf.freecol.common.util.LogBuilder log
INFO: Destroying: tileImprovement:4694
May 16, 2017 11:39:58 PM net.sf.freecol.common.util.LogBuilder log
INFO: Destroying: tileImprovement:4696
May 16, 2017 11:39:58 PM net.sf.freecol.common.util.LogBuilder log
INFO: Destroying: tileImprovement:4698
May 16, 2017 11:39:58 PM net.sf.freecol.common.util.LogBuilder log
INFO: Destroying: tileImprovement:4700
May 16, 2017 11:39:58 PM net.sf.freecol.common.util.LogBuilder log
INFO: Destroying: tileImprovement:4702
May 16, 2017 11:39:58 PM net.sf.freecol.common.util.LogBuilder log
INFO: Destroying: tileImprovement:5041
May 16, 2017 11:39:58 PM net.sf.freecol.common.util.LogBuilder log
INFO: Destroying: tileImprovement:5043
]]></system-err>

  </testsuite>
</testsuites>
